==> Preparing data..
Files already downloaded and verified
Files already downloaded and verified
==> Building model..
----------------------------------------------------------------
        Layer (type)               Output Shape         Param #
================================================================
            Conv2d-1           [-1, 64, 32, 32]           1,728
       BatchNorm2d-2           [-1, 64, 32, 32]             128
            Conv2d-3           [-1, 64, 32, 32]          36,864
       BatchNorm2d-4           [-1, 64, 32, 32]             128
            Conv2d-5           [-1, 64, 32, 32]          36,864
       BatchNorm2d-6           [-1, 64, 32, 32]             128
ModifiedBasicBlock-7           [-1, 64, 32, 32]               0
            Conv2d-8           [-1, 64, 32, 32]          36,864
       BatchNorm2d-9           [-1, 64, 32, 32]             128
           Conv2d-10           [-1, 64, 32, 32]          36,864
      BatchNorm2d-11           [-1, 64, 32, 32]             128
ModifiedBasicBlock-12           [-1, 64, 32, 32]               0
           Conv2d-13           [-1, 64, 32, 32]          36,864
      BatchNorm2d-14           [-1, 64, 32, 32]             128
           Conv2d-15           [-1, 64, 32, 32]          36,864
      BatchNorm2d-16           [-1, 64, 32, 32]             128
ModifiedBasicBlock-17           [-1, 64, 32, 32]               0
           Conv2d-18           [-1, 64, 32, 32]          36,864
      BatchNorm2d-19           [-1, 64, 32, 32]             128
           Conv2d-20           [-1, 64, 32, 32]          36,864
      BatchNorm2d-21           [-1, 64, 32, 32]             128
ModifiedBasicBlock-22           [-1, 64, 32, 32]               0
           Conv2d-23          [-1, 128, 16, 16]          73,728
      BatchNorm2d-24          [-1, 128, 16, 16]             256
           Conv2d-25          [-1, 128, 16, 16]         147,456
      BatchNorm2d-26          [-1, 128, 16, 16]             256
           Conv2d-27          [-1, 128, 16, 16]           8,192
      BatchNorm2d-28          [-1, 128, 16, 16]             256
ModifiedBasicBlock-29          [-1, 128, 16, 16]               0
           Conv2d-30          [-1, 128, 16, 16]         147,456
      BatchNorm2d-31          [-1, 128, 16, 16]             256
           Conv2d-32          [-1, 128, 16, 16]         147,456
      BatchNorm2d-33          [-1, 128, 16, 16]             256
ModifiedBasicBlock-34          [-1, 128, 16, 16]               0
           Conv2d-35          [-1, 128, 16, 16]         147,456
      BatchNorm2d-36          [-1, 128, 16, 16]             256
           Conv2d-37          [-1, 128, 16, 16]         147,456
      BatchNorm2d-38          [-1, 128, 16, 16]             256
ModifiedBasicBlock-39          [-1, 128, 16, 16]               0
           Conv2d-40          [-1, 128, 16, 16]         147,456
      BatchNorm2d-41          [-1, 128, 16, 16]             256
           Conv2d-42          [-1, 128, 16, 16]         147,456
      BatchNorm2d-43          [-1, 128, 16, 16]             256
ModifiedBasicBlock-44          [-1, 128, 16, 16]               0
           Conv2d-45            [-1, 256, 8, 8]         294,912
      BatchNorm2d-46            [-1, 256, 8, 8]             512
           Conv2d-47            [-1, 256, 8, 8]         589,824
      BatchNorm2d-48            [-1, 256, 8, 8]             512
           Conv2d-49            [-1, 256, 8, 8]          32,768
      BatchNorm2d-50            [-1, 256, 8, 8]             512
ModifiedBasicBlock-51            [-1, 256, 8, 8]               0
           Conv2d-52            [-1, 256, 8, 8]         589,824
      BatchNorm2d-53            [-1, 256, 8, 8]             512
           Conv2d-54            [-1, 256, 8, 8]         589,824
      BatchNorm2d-55            [-1, 256, 8, 8]             512
ModifiedBasicBlock-56            [-1, 256, 8, 8]               0
           Conv2d-57            [-1, 256, 8, 8]         589,824
      BatchNorm2d-58            [-1, 256, 8, 8]             512
           Conv2d-59            [-1, 256, 8, 8]         589,824
      BatchNorm2d-60            [-1, 256, 8, 8]             512
ModifiedBasicBlock-61            [-1, 256, 8, 8]               0
AdaptiveAvgPool2d-62            [-1, 256, 1, 1]               0
          Dropout-63                  [-1, 256]               0
           Linear-64                   [-1, 10]           2,570
    DropoutResNet-65                   [-1, 10]               0
================================================================
Total params: 4,697,162
Trainable params: 4,697,162
Non-trainable params: 0
----------------------------------------------------------------
Input size (MB): 0.01
Forward/backward pass size (MB): 18.63
Params size (MB): 17.92
Estimated Total Size (MB): 36.56
----------------------------------------------------------------

Epoch: 0
Loss: 1.768 | Acc: 34.218% (17109/50000)
Loss: 1.430 | Acc: 46.450% (4645/10000)
Saving..

Epoch: 1
Loss: 1.304 | Acc: 52.328% (26164/50000)
Loss: 1.244 | Acc: 55.370% (5537/10000)
Saving..

Epoch: 2
Loss: 1.045 | Acc: 62.898% (31449/50000)
Loss: 1.050 | Acc: 65.030% (6503/10000)
Saving..

Epoch: 3
Loss: 0.871 | Acc: 69.592% (34796/50000)
Loss: 0.840 | Acc: 70.520% (7052/10000)
Saving..

Epoch: 4
Loss: 0.738 | Acc: 74.724% (37362/50000)
Loss: 0.914 | Acc: 70.290% (7029/10000)

Epoch: 5
Loss: 0.654 | Acc: 77.666% (38833/50000)
Loss: 1.045 | Acc: 67.950% (6795/10000)

Epoch: 6
Loss: 0.589 | Acc: 79.918% (39959/50000)
Loss: 0.687 | Acc: 76.560% (7656/10000)
Saving..

Epoch: 7
Loss: 0.558 | Acc: 81.216% (40608/50000)
Loss: 1.116 | Acc: 66.770% (6677/10000)

Epoch: 8
Loss: 0.526 | Acc: 82.248% (41124/50000)
Loss: 0.840 | Acc: 76.050% (7605/10000)

Epoch: 9
Loss: 0.502 | Acc: 83.048% (41524/50000)
Loss: 0.685 | Acc: 78.650% (7865/10000)
Saving..

Epoch: 10
Loss: 0.486 | Acc: 83.456% (41728/50000)
Loss: 0.636 | Acc: 77.980% (7798/10000)

Epoch: 11
Loss: 0.457 | Acc: 84.418% (42209/50000)
Loss: 0.607 | Acc: 79.760% (7976/10000)
Saving..

Epoch: 12
Loss: 0.445 | Acc: 85.016% (42508/50000)
Loss: 0.552 | Acc: 81.330% (8133/10000)
Saving..

Epoch: 13
Loss: 0.431 | Acc: 85.490% (42745/50000)
Loss: 0.549 | Acc: 81.880% (8188/10000)
Saving..

Epoch: 14
Loss: 0.423 | Acc: 85.652% (42826/50000)
Loss: 0.486 | Acc: 83.190% (8319/10000)
Saving..

Epoch: 15
Loss: 0.409 | Acc: 86.274% (43137/50000)
Loss: 0.677 | Acc: 79.060% (7906/10000)

Epoch: 16
Loss: 0.406 | Acc: 86.212% (43106/50000)
Loss: 0.524 | Acc: 82.510% (8251/10000)

Epoch: 17
Loss: 0.396 | Acc: 86.456% (43228/50000)
Loss: 0.527 | Acc: 82.730% (8273/10000)

Epoch: 18
Loss: 0.384 | Acc: 87.184% (43592/50000)
Loss: 0.534 | Acc: 83.450% (8345/10000)
Saving..

Epoch: 19
Loss: 0.386 | Acc: 86.884% (43442/50000)
Loss: 0.488 | Acc: 84.120% (8412/10000)
Saving..

Epoch: 20
Loss: 0.377 | Acc: 87.306% (43653/50000)
Loss: 0.532 | Acc: 82.100% (8210/10000)

Epoch: 21
Loss: 0.366 | Acc: 87.710% (43855/50000)
Loss: 0.852 | Acc: 74.040% (7404/10000)

Epoch: 22
Loss: 0.368 | Acc: 87.550% (43775/50000)
Loss: 0.494 | Acc: 84.070% (8407/10000)

Epoch: 23
Loss: 0.361 | Acc: 87.806% (43903/50000)
Loss: 0.613 | Acc: 80.320% (8032/10000)

Epoch: 24
Loss: 0.356 | Acc: 88.004% (44002/50000)
Loss: 0.729 | Acc: 76.670% (7667/10000)

Epoch: 25
Loss: 0.357 | Acc: 87.958% (43979/50000)
Loss: 0.753 | Acc: 76.130% (7613/10000)

Epoch: 26
Loss: 0.348 | Acc: 88.244% (44122/50000)
Loss: 0.483 | Acc: 84.510% (8451/10000)
Saving..

Epoch: 27
Loss: 0.343 | Acc: 88.266% (44133/50000)
Loss: 0.454 | Acc: 84.880% (8488/10000)
Saving..

Epoch: 28
Loss: 0.347 | Acc: 88.328% (44164/50000)
Loss: 0.903 | Acc: 75.280% (7528/10000)

Epoch: 29
Loss: 0.328 | Acc: 88.974% (44487/50000)
Loss: 0.579 | Acc: 82.020% (8202/10000)

Epoch: 30
Loss: 0.338 | Acc: 88.556% (44278/50000)
Loss: 0.455 | Acc: 85.350% (8535/10000)
Saving..

Epoch: 31
Loss: 0.330 | Acc: 88.912% (44456/50000)
Loss: 0.452 | Acc: 85.350% (8535/10000)

Epoch: 32
Loss: 0.324 | Acc: 89.098% (44549/50000)
Loss: 0.578 | Acc: 81.750% (8175/10000)

Epoch: 33
Loss: 0.332 | Acc: 88.702% (44351/50000)
Loss: 0.527 | Acc: 83.030% (8303/10000)

Epoch: 34
Loss: 0.319 | Acc: 89.276% (44638/50000)
Loss: 0.429 | Acc: 86.100% (8610/10000)
Saving..

Epoch: 35
Loss: 0.324 | Acc: 89.026% (44513/50000)
Loss: 0.477 | Acc: 84.730% (8473/10000)

Epoch: 36
Loss: 0.316 | Acc: 89.342% (44671/50000)
Loss: 0.555 | Acc: 81.950% (8195/10000)

Epoch: 37
Loss: 0.312 | Acc: 89.400% (44700/50000)
Loss: 0.426 | Acc: 85.190% (8519/10000)

Epoch: 38
Loss: 0.313 | Acc: 89.634% (44817/50000)
Loss: 0.494 | Acc: 83.850% (8385/10000)

Epoch: 39
Loss: 0.318 | Acc: 89.292% (44646/50000)
Loss: 0.565 | Acc: 82.570% (8257/10000)

Epoch: 40
Loss: 0.309 | Acc: 89.794% (44897/50000)
Loss: 0.590 | Acc: 81.660% (8166/10000)

Epoch: 41
Loss: 0.312 | Acc: 89.444% (44722/50000)
Loss: 0.483 | Acc: 83.860% (8386/10000)

Epoch: 42
Loss: 0.304 | Acc: 89.874% (44937/50000)
Loss: 0.546 | Acc: 82.450% (8245/10000)

Epoch: 43
Loss: 0.303 | Acc: 89.928% (44964/50000)
Loss: 0.405 | Acc: 86.350% (8635/10000)
Saving..

Epoch: 44
Loss: 0.302 | Acc: 89.954% (44977/50000)
Loss: 0.500 | Acc: 84.400% (8440/10000)

Epoch: 45
Loss: 0.309 | Acc: 89.650% (44825/50000)
Loss: 0.458 | Acc: 85.080% (8508/10000)

Epoch: 46
Loss: 0.301 | Acc: 89.858% (44929/50000)
Loss: 0.389 | Acc: 87.720% (8772/10000)
Saving..

Epoch: 47
Loss: 0.300 | Acc: 89.922% (44961/50000)
Loss: 0.457 | Acc: 84.840% (8484/10000)

Epoch: 48
Loss: 0.296 | Acc: 90.010% (45005/50000)
Loss: 0.456 | Acc: 85.140% (8514/10000)

Epoch: 49
Loss: 0.292 | Acc: 90.170% (45085/50000)
Loss: 0.502 | Acc: 84.220% (8422/10000)

Epoch: 50
Loss: 0.292 | Acc: 90.188% (45094/50000)
Loss: 0.439 | Acc: 85.620% (8562/10000)

Epoch: 51
Loss: 0.288 | Acc: 90.364% (45182/50000)
Loss: 0.451 | Acc: 85.280% (8528/10000)

Epoch: 52
Loss: 0.283 | Acc: 90.554% (45277/50000)
Loss: 0.486 | Acc: 84.250% (8425/10000)

Epoch: 53
Loss: 0.286 | Acc: 90.436% (45218/50000)
Loss: 0.566 | Acc: 81.680% (8168/10000)

Epoch: 54
Loss: 0.281 | Acc: 90.432% (45216/50000)
Loss: 0.423 | Acc: 86.120% (8612/10000)

Epoch: 55
Loss: 0.279 | Acc: 90.852% (45426/50000)
Loss: 0.419 | Acc: 86.720% (8672/10000)

Epoch: 56
Loss: 0.281 | Acc: 90.552% (45276/50000)
Loss: 0.386 | Acc: 87.160% (8716/10000)

Epoch: 57
Loss: 0.273 | Acc: 90.854% (45427/50000)
Loss: 0.419 | Acc: 86.290% (8629/10000)

Epoch: 58
Loss: 0.273 | Acc: 90.864% (45432/50000)
Loss: 0.416 | Acc: 85.750% (8575/10000)

Epoch: 59
Loss: 0.273 | Acc: 90.754% (45377/50000)
Loss: 0.372 | Acc: 87.620% (8762/10000)

Epoch: 60
Loss: 0.270 | Acc: 91.018% (45509/50000)
Loss: 0.369 | Acc: 87.790% (8779/10000)
Saving..

Epoch: 61
Loss: 0.269 | Acc: 90.966% (45483/50000)
Loss: 0.356 | Acc: 87.610% (8761/10000)

Epoch: 62
Loss: 0.267 | Acc: 91.136% (45568/50000)
Loss: 0.381 | Acc: 87.470% (8747/10000)

Epoch: 63
Loss: 0.267 | Acc: 91.018% (45509/50000)
Loss: 0.383 | Acc: 87.530% (8753/10000)

Epoch: 64
Loss: 0.259 | Acc: 91.406% (45703/50000)
Loss: 0.474 | Acc: 84.420% (8442/10000)

Epoch: 65
Loss: 0.259 | Acc: 91.246% (45623/50000)
Loss: 0.421 | Acc: 86.200% (8620/10000)

Epoch: 66
Loss: 0.257 | Acc: 91.494% (45747/50000)
Loss: 0.395 | Acc: 87.360% (8736/10000)

Epoch: 67
Loss: 0.260 | Acc: 91.236% (45618/50000)
Loss: 0.538 | Acc: 84.380% (8438/10000)

Epoch: 68
Loss: 0.252 | Acc: 91.616% (45808/50000)
Loss: 0.523 | Acc: 84.430% (8443/10000)

Epoch: 69
Loss: 0.253 | Acc: 91.380% (45690/50000)
Loss: 0.365 | Acc: 88.190% (8819/10000)
Saving..

Epoch: 70
Loss: 0.251 | Acc: 91.604% (45802/50000)
Loss: 0.410 | Acc: 86.850% (8685/10000)

Epoch: 71
Loss: 0.246 | Acc: 91.798% (45899/50000)
Loss: 0.487 | Acc: 84.210% (8421/10000)

Epoch: 72
Loss: 0.247 | Acc: 91.664% (45832/50000)
Loss: 0.321 | Acc: 89.420% (8942/10000)
Saving..

Epoch: 73
Loss: 0.244 | Acc: 91.866% (45933/50000)
Loss: 0.390 | Acc: 86.770% (8677/10000)

Epoch: 74
Loss: 0.239 | Acc: 91.962% (45981/50000)
Loss: 0.353 | Acc: 88.510% (8851/10000)

Epoch: 75
Loss: 0.237 | Acc: 92.094% (46047/50000)
Loss: 0.345 | Acc: 88.740% (8874/10000)

Epoch: 76
Loss: 0.242 | Acc: 91.764% (45882/50000)
Loss: 0.371 | Acc: 87.380% (8738/10000)

Epoch: 77
Loss: 0.237 | Acc: 91.962% (45981/50000)
Loss: 0.436 | Acc: 86.230% (8623/10000)

Epoch: 78
Loss: 0.235 | Acc: 92.070% (46035/50000)
Loss: 0.384 | Acc: 87.470% (8747/10000)

Epoch: 79
Loss: 0.231 | Acc: 92.180% (46090/50000)
Loss: 0.361 | Acc: 87.900% (8790/10000)

Epoch: 80
Loss: 0.227 | Acc: 92.328% (46164/50000)
Loss: 0.387 | Acc: 87.460% (8746/10000)

Epoch: 81
Loss: 0.221 | Acc: 92.466% (46233/50000)
Loss: 0.420 | Acc: 86.680% (8668/10000)

Epoch: 82
Loss: 0.224 | Acc: 92.504% (46252/50000)
Loss: 0.437 | Acc: 85.740% (8574/10000)

Epoch: 83
Loss: 0.219 | Acc: 92.644% (46322/50000)
Loss: 0.386 | Acc: 87.700% (8770/10000)

Epoch: 84
Loss: 0.222 | Acc: 92.564% (46282/50000)
Loss: 0.469 | Acc: 85.660% (8566/10000)

Epoch: 85
Loss: 0.217 | Acc: 92.738% (46369/50000)
Loss: 0.540 | Acc: 83.420% (8342/10000)

Epoch: 86
Loss: 0.209 | Acc: 92.960% (46480/50000)
Loss: 0.475 | Acc: 85.710% (8571/10000)

Epoch: 87
Loss: 0.210 | Acc: 92.996% (46498/50000)
Loss: 0.318 | Acc: 89.200% (8920/10000)

Epoch: 88
Loss: 0.207 | Acc: 93.068% (46534/50000)
Loss: 0.427 | Acc: 86.830% (8683/10000)

Epoch: 89
Loss: 0.210 | Acc: 92.812% (46406/50000)
Loss: 0.409 | Acc: 87.370% (8737/10000)

Epoch: 90
Loss: 0.201 | Acc: 93.362% (46681/50000)
Loss: 0.333 | Acc: 89.090% (8909/10000)

Epoch: 91
Loss: 0.205 | Acc: 93.170% (46585/50000)
Loss: 0.477 | Acc: 85.420% (8542/10000)

Epoch: 92
Loss: 0.198 | Acc: 93.308% (46654/50000)
Loss: 0.441 | Acc: 86.680% (8668/10000)

Epoch: 93
Loss: 0.200 | Acc: 93.388% (46694/50000)
Loss: 0.403 | Acc: 87.140% (8714/10000)

Epoch: 94
Loss: 0.192 | Acc: 93.554% (46777/50000)
Loss: 0.571 | Acc: 83.160% (8316/10000)

Epoch: 95
Loss: 0.189 | Acc: 93.614% (46807/50000)
Loss: 0.394 | Acc: 87.670% (8767/10000)

Epoch: 96
Loss: 0.193 | Acc: 93.622% (46811/50000)
Loss: 0.459 | Acc: 85.580% (8558/10000)

Epoch: 97
Loss: 0.184 | Acc: 93.874% (46937/50000)
Loss: 0.380 | Acc: 88.610% (8861/10000)

Epoch: 98
Loss: 0.182 | Acc: 93.864% (46932/50000)
Loss: 0.347 | Acc: 89.170% (8917/10000)

Epoch: 99
Loss: 0.180 | Acc: 94.028% (47014/50000)
Loss: 0.354 | Acc: 89.020% (8902/10000)

Epoch: 100
Loss: 0.182 | Acc: 93.952% (46976/50000)
Loss: 0.323 | Acc: 89.690% (8969/10000)
Saving..

Epoch: 101
Loss: 0.172 | Acc: 94.242% (47121/50000)
Loss: 0.331 | Acc: 89.560% (8956/10000)

Epoch: 102
Loss: 0.174 | Acc: 94.294% (47147/50000)
Loss: 0.358 | Acc: 88.760% (8876/10000)

Epoch: 103
Loss: 0.170 | Acc: 94.330% (47165/50000)
Loss: 0.419 | Acc: 87.260% (8726/10000)

Epoch: 104
Loss: 0.164 | Acc: 94.500% (47250/50000)
Loss: 0.347 | Acc: 89.380% (8938/10000)

Epoch: 105
Loss: 0.166 | Acc: 94.428% (47214/50000)
Loss: 0.302 | Acc: 90.270% (9027/10000)
Saving..

Epoch: 106
Loss: 0.169 | Acc: 94.194% (47097/50000)
Loss: 0.323 | Acc: 89.620% (8962/10000)

Epoch: 107
Loss: 0.163 | Acc: 94.604% (47302/50000)
Loss: 0.318 | Acc: 90.150% (9015/10000)

Epoch: 108
Loss: 0.158 | Acc: 94.778% (47389/50000)
Loss: 0.407 | Acc: 88.200% (8820/10000)

Epoch: 109
Loss: 0.157 | Acc: 94.832% (47416/50000)
Loss: 0.361 | Acc: 88.770% (8877/10000)

Epoch: 110
Loss: 0.150 | Acc: 94.952% (47476/50000)
Loss: 0.266 | Acc: 91.630% (9163/10000)
Saving..

Epoch: 111
Loss: 0.153 | Acc: 94.830% (47415/50000)
Loss: 0.326 | Acc: 90.010% (9001/10000)

Epoch: 112
Loss: 0.146 | Acc: 95.198% (47599/50000)
Loss: 0.308 | Acc: 90.540% (9054/10000)

Epoch: 113
Loss: 0.144 | Acc: 95.222% (47611/50000)
Loss: 0.369 | Acc: 88.880% (8888/10000)

Epoch: 114
Loss: 0.137 | Acc: 95.374% (47687/50000)
Loss: 0.310 | Acc: 90.680% (9068/10000)

Epoch: 115
Loss: 0.139 | Acc: 95.408% (47704/50000)
Loss: 0.311 | Acc: 90.470% (9047/10000)

Epoch: 116
Loss: 0.134 | Acc: 95.542% (47771/50000)
Loss: 0.395 | Acc: 88.260% (8826/10000)

Epoch: 117
Loss: 0.132 | Acc: 95.632% (47816/50000)
Loss: 0.319 | Acc: 90.530% (9053/10000)

Epoch: 118
Loss: 0.130 | Acc: 95.736% (47868/50000)
Loss: 0.356 | Acc: 89.090% (8909/10000)

Epoch: 119
Loss: 0.124 | Acc: 95.848% (47924/50000)
Loss: 0.384 | Acc: 89.060% (8906/10000)

Epoch: 120
Loss: 0.119 | Acc: 96.048% (48024/50000)
Loss: 0.317 | Acc: 90.600% (9060/10000)

Epoch: 121
Loss: 0.121 | Acc: 95.998% (47999/50000)
Loss: 0.287 | Acc: 91.010% (9101/10000)

Epoch: 122
Loss: 0.120 | Acc: 96.050% (48025/50000)
Loss: 0.319 | Acc: 90.590% (9059/10000)

Epoch: 123
Loss: 0.119 | Acc: 96.058% (48029/50000)
Loss: 0.298 | Acc: 90.740% (9074/10000)

Epoch: 124
Loss: 0.110 | Acc: 96.330% (48165/50000)
Loss: 0.300 | Acc: 91.010% (9101/10000)

Epoch: 125
Loss: 0.108 | Acc: 96.418% (48209/50000)
Loss: 0.320 | Acc: 90.630% (9063/10000)

Epoch: 126
Loss: 0.108 | Acc: 96.368% (48184/50000)
Loss: 0.281 | Acc: 91.400% (9140/10000)

Epoch: 127
Loss: 0.103 | Acc: 96.588% (48294/50000)
Loss: 0.287 | Acc: 91.410% (9141/10000)

Epoch: 128
Loss: 0.100 | Acc: 96.692% (48346/50000)
Loss: 0.266 | Acc: 91.830% (9183/10000)
Saving..

Epoch: 129
Loss: 0.099 | Acc: 96.748% (48374/50000)
Loss: 0.296 | Acc: 91.270% (9127/10000)

Epoch: 130
Loss: 0.092 | Acc: 97.016% (48508/50000)
Loss: 0.275 | Acc: 91.750% (9175/10000)

Epoch: 131
Loss: 0.093 | Acc: 96.998% (48499/50000)
Loss: 0.264 | Acc: 92.040% (9204/10000)
Saving..

Epoch: 132
Loss: 0.092 | Acc: 97.070% (48535/50000)
Loss: 0.281 | Acc: 91.750% (9175/10000)

Epoch: 133
Loss: 0.093 | Acc: 96.926% (48463/50000)
Loss: 0.271 | Acc: 92.050% (9205/10000)
Saving..

Epoch: 134
Loss: 0.084 | Acc: 97.266% (48633/50000)
Loss: 0.302 | Acc: 90.860% (9086/10000)

Epoch: 135
Loss: 0.084 | Acc: 97.248% (48624/50000)
Loss: 0.286 | Acc: 91.530% (9153/10000)

Epoch: 136
Loss: 0.071 | Acc: 97.692% (48846/50000)
Loss: 0.244 | Acc: 92.640% (9264/10000)
Saving..

Epoch: 137
Loss: 0.076 | Acc: 97.524% (48762/50000)
Loss: 0.301 | Acc: 91.520% (9152/10000)

Epoch: 138
Loss: 0.068 | Acc: 97.814% (48907/50000)
Loss: 0.262 | Acc: 92.450% (9245/10000)

Epoch: 139
Loss: 0.070 | Acc: 97.730% (48865/50000)
Loss: 0.318 | Acc: 91.310% (9131/10000)

Epoch: 140
Loss: 0.070 | Acc: 97.698% (48849/50000)
Loss: 0.295 | Acc: 91.630% (9163/10000)

Epoch: 141
Loss: 0.061 | Acc: 97.970% (48985/50000)
Loss: 0.255 | Acc: 92.440% (9244/10000)

Epoch: 142
Loss: 0.064 | Acc: 97.960% (48980/50000)
Loss: 0.250 | Acc: 92.910% (9291/10000)
Saving..

Epoch: 143
Loss: 0.057 | Acc: 98.172% (49086/50000)
Loss: 0.273 | Acc: 92.070% (9207/10000)

Epoch: 144
Loss: 0.054 | Acc: 98.308% (49154/50000)
Loss: 0.268 | Acc: 92.640% (9264/10000)

Epoch: 145
Loss: 0.054 | Acc: 98.374% (49187/50000)
Loss: 0.258 | Acc: 92.670% (9267/10000)

Epoch: 146
Loss: 0.050 | Acc: 98.434% (49217/50000)
Loss: 0.263 | Acc: 92.480% (9248/10000)

Epoch: 147
Loss: 0.050 | Acc: 98.426% (49213/50000)
Loss: 0.252 | Acc: 92.970% (9297/10000)
Saving..

Epoch: 148
Loss: 0.044 | Acc: 98.654% (49327/50000)
Loss: 0.269 | Acc: 92.540% (9254/10000)

Epoch: 149
Loss: 0.037 | Acc: 98.902% (49451/50000)
Loss: 0.266 | Acc: 92.620% (9262/10000)

Epoch: 150
Loss: 0.039 | Acc: 98.834% (49417/50000)
Loss: 0.257 | Acc: 92.760% (9276/10000)

Epoch: 151
Loss: 0.034 | Acc: 99.014% (49507/50000)
Loss: 0.228 | Acc: 93.580% (9358/10000)
Saving..

Epoch: 152
Loss: 0.031 | Acc: 99.066% (49533/50000)
Loss: 0.242 | Acc: 93.510% (9351/10000)

Epoch: 153
Loss: 0.032 | Acc: 99.040% (49520/50000)
Loss: 0.258 | Acc: 92.910% (9291/10000)

Epoch: 154
Loss: 0.029 | Acc: 99.104% (49552/50000)
Loss: 0.267 | Acc: 92.920% (9292/10000)

Epoch: 155
Loss: 0.028 | Acc: 99.184% (49592/50000)
Loss: 0.236 | Acc: 93.600% (9360/10000)
Saving..

Epoch: 156
Loss: 0.026 | Acc: 99.260% (49630/50000)
Loss: 0.243 | Acc: 93.480% (9348/10000)

Epoch: 157
Loss: 0.025 | Acc: 99.246% (49623/50000)
Loss: 0.229 | Acc: 93.790% (9379/10000)
Saving..

Epoch: 158
Loss: 0.021 | Acc: 99.444% (49722/50000)
Loss: 0.216 | Acc: 94.140% (9414/10000)
Saving..

Epoch: 159
Loss: 0.017 | Acc: 99.556% (49778/50000)
Loss: 0.267 | Acc: 93.430% (9343/10000)

Epoch: 160
Loss: 0.013 | Acc: 99.686% (49843/50000)
Loss: 0.228 | Acc: 94.270% (9427/10000)
Saving..

Epoch: 161
Loss: 0.013 | Acc: 99.656% (49828/50000)
Loss: 0.223 | Acc: 94.150% (9415/10000)

Epoch: 162
Loss: 0.013 | Acc: 99.678% (49839/50000)
Loss: 0.215 | Acc: 94.270% (9427/10000)

Epoch: 163
Loss: 0.010 | Acc: 99.768% (49884/50000)
Loss: 0.198 | Acc: 94.830% (9483/10000)
Saving..

Epoch: 164
Loss: 0.008 | Acc: 99.828% (49914/50000)
Loss: 0.201 | Acc: 95.040% (9504/10000)
Saving..

Epoch: 165
Loss: 0.007 | Acc: 99.876% (49938/50000)
Loss: 0.188 | Acc: 94.830% (9483/10000)

Epoch: 166
Loss: 0.005 | Acc: 99.910% (49955/50000)
Loss: 0.185 | Acc: 95.140% (9514/10000)
Saving..

Epoch: 167
Loss: 0.005 | Acc: 99.930% (49965/50000)
Loss: 0.183 | Acc: 95.310% (9531/10000)
Saving..

Epoch: 168
Loss: 0.004 | Acc: 99.946% (49973/50000)
Loss: 0.181 | Acc: 95.320% (9532/10000)
Saving..

Epoch: 169
Loss: 0.004 | Acc: 99.944% (49972/50000)
Loss: 0.177 | Acc: 95.390% (9539/10000)
Saving..

Epoch: 170
Loss: 0.004 | Acc: 99.948% (49974/50000)
Loss: 0.176 | Acc: 95.360% (9536/10000)

Epoch: 171
Loss: 0.003 | Acc: 99.990% (49995/50000)
Loss: 0.181 | Acc: 95.370% (9537/10000)

Epoch: 172
Loss: 0.003 | Acc: 99.988% (49994/50000)
Loss: 0.175 | Acc: 95.440% (9544/10000)
Saving..

Epoch: 173
Loss: 0.002 | Acc: 99.996% (49998/50000)
Loss: 0.166 | Acc: 95.510% (9551/10000)
Saving..

Epoch: 174
Loss: 0.002 | Acc: 99.992% (49996/50000)
Loss: 0.166 | Acc: 95.610% (9561/10000)
Saving..

Epoch: 175
Loss: 0.003 | Acc: 99.976% (49988/50000)
Loss: 0.170 | Acc: 95.450% (9545/10000)

Epoch: 176
Loss: 0.002 | Acc: 99.996% (49998/50000)
Loss: 0.165 | Acc: 95.670% (9567/10000)
Saving..

Epoch: 177
Loss: 0.003 | Acc: 99.982% (49991/50000)
Loss: 0.165 | Acc: 95.530% (9553/10000)

Epoch: 178
Loss: 0.003 | Acc: 99.990% (49995/50000)
Loss: 0.166 | Acc: 95.570% (9557/10000)

Epoch: 179
Loss: 0.002 | Acc: 99.992% (49996/50000)
Loss: 0.163 | Acc: 95.750% (9575/10000)
Saving..

Epoch: 180
Loss: 0.002 | Acc: 99.996% (49998/50000)
Loss: 0.162 | Acc: 95.670% (9567/10000)

Epoch: 181
Loss: 0.002 | Acc: 100.000% (50000/50000)
Loss: 0.162 | Acc: 95.630% (9563/10000)

Epoch: 182
Loss: 0.002 | Acc: 99.996% (49998/50000)
Loss: 0.161 | Acc: 95.600% (9560/10000)

Epoch: 183
Loss: 0.002 | Acc: 99.998% (49999/50000)
Loss: 0.161 | Acc: 95.620% (9562/10000)

Epoch: 184
Loss: 0.002 | Acc: 99.990% (49995/50000)
Loss: 0.162 | Acc: 95.790% (9579/10000)
Saving..

Epoch: 185
Loss: 0.002 | Acc: 99.994% (49997/50000)
Loss: 0.158 | Acc: 95.740% (9574/10000)

Epoch: 186
Loss: 0.002 | Acc: 99.998% (49999/50000)
Loss: 0.158 | Acc: 95.820% (9582/10000)
Saving..

Epoch: 187
Loss: 0.002 | Acc: 99.998% (49999/50000)
Loss: 0.158 | Acc: 95.770% (9577/10000)

Epoch: 188
Loss: 0.002 | Acc: 100.000% (50000/50000)
Loss: 0.157 | Acc: 95.800% (9580/10000)

Epoch: 189
Loss: 0.002 | Acc: 99.996% (49998/50000)
Loss: 0.159 | Acc: 95.730% (9573/10000)

Epoch: 190
Loss: 0.002 | Acc: 99.992% (49996/50000)
Loss: 0.159 | Acc: 95.680% (9568/10000)

Epoch: 191
Loss: 0.002 | Acc: 100.000% (50000/50000)
Loss: 0.158 | Acc: 95.780% (9578/10000)

Epoch: 192
Loss: 0.002 | Acc: 99.996% (49998/50000)
Loss: 0.158 | Acc: 95.690% (9569/10000)

Epoch: 193
Loss: 0.002 | Acc: 99.998% (49999/50000)
Loss: 0.159 | Acc: 95.660% (9566/10000)

Epoch: 194
Loss: 0.002 | Acc: 99.998% (49999/50000)
Loss: 0.157 | Acc: 95.740% (9574/10000)

Epoch: 195
Loss: 0.002 | Acc: 100.000% (50000/50000)
Loss: 0.158 | Acc: 95.680% (9568/10000)

Epoch: 196
Loss: 0.002 | Acc: 99.994% (49997/50000)
Loss: 0.157 | Acc: 95.900% (9590/10000)
Saving..

Epoch: 197
Loss: 0.002 | Acc: 100.000% (50000/50000)
Loss: 0.157 | Acc: 95.810% (9581/10000)

Epoch: 198
Loss: 0.002 | Acc: 99.998% (49999/50000)
Loss: 0.158 | Acc: 95.760% (9576/10000)

Epoch: 199
Loss: 0.002 | Acc: 99.998% (49999/50000)
Loss: 0.157 | Acc: 95.740% (9574/10000)
