==> Preparing data..
Files already downloaded and verified
Files already downloaded and verified
==> Building model..
----------------------------------------------------------------
        Layer (type)               Output Shape         Param #
================================================================
            Conv2d-1           [-1, 64, 32, 32]           1,728
       BatchNorm2d-2           [-1, 64, 32, 32]             128
            Conv2d-3           [-1, 64, 32, 32]          36,864
       BatchNorm2d-4           [-1, 64, 32, 32]             128
            Conv2d-5           [-1, 64, 32, 32]          36,864
       BatchNorm2d-6           [-1, 64, 32, 32]             128
ModifiedBasicBlock-7           [-1, 64, 32, 32]               0
            Conv2d-8           [-1, 64, 32, 32]          36,864
       BatchNorm2d-9           [-1, 64, 32, 32]             128
           Conv2d-10           [-1, 64, 32, 32]          36,864
      BatchNorm2d-11           [-1, 64, 32, 32]             128
ModifiedBasicBlock-12           [-1, 64, 32, 32]               0
           Conv2d-13           [-1, 64, 32, 32]          36,864
      BatchNorm2d-14           [-1, 64, 32, 32]             128
           Conv2d-15           [-1, 64, 32, 32]          36,864
      BatchNorm2d-16           [-1, 64, 32, 32]             128
ModifiedBasicBlock-17           [-1, 64, 32, 32]               0
           Conv2d-18           [-1, 64, 32, 32]          36,864
      BatchNorm2d-19           [-1, 64, 32, 32]             128
           Conv2d-20           [-1, 64, 32, 32]          36,864
      BatchNorm2d-21           [-1, 64, 32, 32]             128
ModifiedBasicBlock-22           [-1, 64, 32, 32]               0
           Conv2d-23          [-1, 128, 16, 16]          73,728
      BatchNorm2d-24          [-1, 128, 16, 16]             256
           Conv2d-25          [-1, 128, 16, 16]         147,456
      BatchNorm2d-26          [-1, 128, 16, 16]             256
           Conv2d-27          [-1, 128, 16, 16]           8,192
      BatchNorm2d-28          [-1, 128, 16, 16]             256
ModifiedBasicBlock-29          [-1, 128, 16, 16]               0
           Conv2d-30          [-1, 128, 16, 16]         147,456
      BatchNorm2d-31          [-1, 128, 16, 16]             256
           Conv2d-32          [-1, 128, 16, 16]         147,456
      BatchNorm2d-33          [-1, 128, 16, 16]             256
ModifiedBasicBlock-34          [-1, 128, 16, 16]               0
           Conv2d-35          [-1, 128, 16, 16]         147,456
      BatchNorm2d-36          [-1, 128, 16, 16]             256
           Conv2d-37          [-1, 128, 16, 16]         147,456
      BatchNorm2d-38          [-1, 128, 16, 16]             256
ModifiedBasicBlock-39          [-1, 128, 16, 16]               0
           Conv2d-40          [-1, 128, 16, 16]         147,456
      BatchNorm2d-41          [-1, 128, 16, 16]             256
           Conv2d-42          [-1, 128, 16, 16]         147,456
      BatchNorm2d-43          [-1, 128, 16, 16]             256
ModifiedBasicBlock-44          [-1, 128, 16, 16]               0
           Conv2d-45            [-1, 256, 8, 8]         294,912
      BatchNorm2d-46            [-1, 256, 8, 8]             512
           Conv2d-47            [-1, 256, 8, 8]         589,824
      BatchNorm2d-48            [-1, 256, 8, 8]             512
           Conv2d-49            [-1, 256, 8, 8]          32,768
      BatchNorm2d-50            [-1, 256, 8, 8]             512
ModifiedBasicBlock-51            [-1, 256, 8, 8]               0
           Conv2d-52            [-1, 256, 8, 8]         589,824
      BatchNorm2d-53            [-1, 256, 8, 8]             512
           Conv2d-54            [-1, 256, 8, 8]         589,824
      BatchNorm2d-55            [-1, 256, 8, 8]             512
ModifiedBasicBlock-56            [-1, 256, 8, 8]               0
           Conv2d-57            [-1, 256, 8, 8]         589,824
      BatchNorm2d-58            [-1, 256, 8, 8]             512
           Conv2d-59            [-1, 256, 8, 8]         589,824
      BatchNorm2d-60            [-1, 256, 8, 8]             512
ModifiedBasicBlock-61            [-1, 256, 8, 8]               0
          Dropout-62                  [-1, 256]               0
           Linear-63                   [-1, 10]           2,570
    DropoutResNet-64                   [-1, 10]               0
================================================================
Total params: 4,697,162
Trainable params: 4,697,162
Non-trainable params: 0
----------------------------------------------------------------
Input size (MB): 0.01
Forward/backward pass size (MB): 18.63
Params size (MB): 17.92
Estimated Total Size (MB): 36.56
----------------------------------------------------------------

Epoch: 0
Loss: 1.784 | Acc: 33.548% (16774/50000)
Loss: 1.484 | Acc: 44.320% (4432/10000)
Saving..

Epoch: 1
Loss: 1.299 | Acc: 52.424% (26212/50000)
Loss: 1.262 | Acc: 56.810% (5681/10000)
Saving..

Epoch: 2
Loss: 1.013 | Acc: 64.004% (32002/50000)
Loss: 1.328 | Acc: 56.480% (5648/10000)

Epoch: 3
Loss: 0.828 | Acc: 71.046% (35523/50000)
Loss: 0.853 | Acc: 71.070% (7107/10000)
Saving..

Epoch: 4
Loss: 0.705 | Acc: 75.772% (37886/50000)
Loss: 0.891 | Acc: 70.120% (7012/10000)

Epoch: 5
Loss: 0.631 | Acc: 78.396% (39198/50000)
Loss: 0.983 | Acc: 68.780% (6878/10000)

Epoch: 6
Loss: 0.585 | Acc: 79.972% (39986/50000)
Loss: 0.895 | Acc: 72.430% (7243/10000)
Saving..

Epoch: 7
Loss: 0.552 | Acc: 81.464% (40732/50000)
Loss: 0.728 | Acc: 76.950% (7695/10000)
Saving..

Epoch: 8
Loss: 0.520 | Acc: 82.548% (41274/50000)
Loss: 0.754 | Acc: 75.310% (7531/10000)

Epoch: 9
Loss: 0.498 | Acc: 83.102% (41551/50000)
Loss: 0.573 | Acc: 80.910% (8091/10000)
Saving..

Epoch: 10
Loss: 0.487 | Acc: 83.492% (41746/50000)
Loss: 1.005 | Acc: 69.450% (6945/10000)

Epoch: 11
Loss: 0.465 | Acc: 84.360% (42180/50000)
Loss: 0.597 | Acc: 80.760% (8076/10000)

Epoch: 12
Loss: 0.449 | Acc: 84.706% (42353/50000)
Loss: 0.642 | Acc: 78.700% (7870/10000)

Epoch: 13
Loss: 0.443 | Acc: 84.938% (42469/50000)
Loss: 0.663 | Acc: 78.540% (7854/10000)

Epoch: 14
Loss: 0.432 | Acc: 85.300% (42650/50000)
Loss: 0.609 | Acc: 79.860% (7986/10000)

Epoch: 15
Loss: 0.419 | Acc: 85.988% (42994/50000)
Loss: 0.624 | Acc: 79.090% (7909/10000)

Epoch: 16
Loss: 0.412 | Acc: 86.174% (43087/50000)
Loss: 0.659 | Acc: 79.290% (7929/10000)

Epoch: 17
Loss: 0.404 | Acc: 86.520% (43260/50000)
Loss: 0.588 | Acc: 81.360% (8136/10000)
Saving..

Epoch: 18
Loss: 0.410 | Acc: 86.340% (43170/50000)
Loss: 0.812 | Acc: 75.020% (7502/10000)

Epoch: 19
Loss: 0.387 | Acc: 87.098% (43549/50000)
Loss: 0.663 | Acc: 78.520% (7852/10000)

Epoch: 20
Loss: 0.394 | Acc: 86.690% (43345/50000)
Loss: 1.392 | Acc: 65.070% (6507/10000)

Epoch: 21
Loss: 0.378 | Acc: 87.334% (43667/50000)
Loss: 0.678 | Acc: 77.660% (7766/10000)

Epoch: 22
Loss: 0.378 | Acc: 87.390% (43695/50000)
Loss: 0.511 | Acc: 83.520% (8352/10000)
Saving..

Epoch: 23
Loss: 0.380 | Acc: 87.250% (43625/50000)
Loss: 0.477 | Acc: 84.520% (8452/10000)
Saving..

Epoch: 24
Loss: 0.369 | Acc: 87.756% (43878/50000)
Loss: 0.600 | Acc: 80.750% (8075/10000)

Epoch: 25
Loss: 0.363 | Acc: 87.888% (43944/50000)
Loss: 1.925 | Acc: 60.990% (6099/10000)

Epoch: 26
Loss: 0.365 | Acc: 87.876% (43938/50000)
Loss: 0.446 | Acc: 85.360% (8536/10000)
Saving..

Epoch: 27
Loss: 0.357 | Acc: 87.984% (43992/50000)
Loss: 0.614 | Acc: 80.460% (8046/10000)

Epoch: 28
Loss: 0.361 | Acc: 87.892% (43946/50000)
Loss: 0.884 | Acc: 75.740% (7574/10000)

Epoch: 29
Loss: 0.353 | Acc: 88.202% (44101/50000)
Loss: 0.895 | Acc: 73.900% (7390/10000)

Epoch: 30
Loss: 0.350 | Acc: 88.156% (44078/50000)
Loss: 0.530 | Acc: 82.950% (8295/10000)

Epoch: 31
Loss: 0.346 | Acc: 88.426% (44213/50000)
Loss: 0.446 | Acc: 85.480% (8548/10000)
Saving..

Epoch: 32
Loss: 0.342 | Acc: 88.620% (44310/50000)
Loss: 0.545 | Acc: 82.310% (8231/10000)

Epoch: 33
Loss: 0.337 | Acc: 88.628% (44314/50000)
Loss: 0.613 | Acc: 80.880% (8088/10000)

Epoch: 34
Loss: 0.339 | Acc: 88.524% (44262/50000)
Loss: 0.510 | Acc: 83.280% (8328/10000)

Epoch: 35
Loss: 0.337 | Acc: 88.768% (44384/50000)
Loss: 0.509 | Acc: 83.750% (8375/10000)

Epoch: 36
Loss: 0.329 | Acc: 88.964% (44482/50000)
Loss: 0.592 | Acc: 81.900% (8190/10000)

Epoch: 37
Loss: 0.332 | Acc: 88.938% (44469/50000)
Loss: 0.659 | Acc: 79.140% (7914/10000)

Epoch: 38
Loss: 0.330 | Acc: 88.938% (44469/50000)
Loss: 0.525 | Acc: 83.250% (8325/10000)

Epoch: 39
Loss: 0.324 | Acc: 89.108% (44554/50000)
Loss: 0.445 | Acc: 85.310% (8531/10000)

Epoch: 40
Loss: 0.324 | Acc: 89.088% (44544/50000)
Loss: 0.627 | Acc: 80.180% (8018/10000)

Epoch: 41
Loss: 0.324 | Acc: 89.292% (44646/50000)
Loss: 0.640 | Acc: 80.210% (8021/10000)

Epoch: 42
Loss: 0.316 | Acc: 89.484% (44742/50000)
Loss: 0.651 | Acc: 79.320% (7932/10000)

Epoch: 43
Loss: 0.321 | Acc: 89.260% (44630/50000)
Loss: 0.483 | Acc: 83.990% (8399/10000)

Epoch: 44
Loss: 0.320 | Acc: 89.308% (44654/50000)
Loss: 0.461 | Acc: 84.920% (8492/10000)

Epoch: 45
Loss: 0.309 | Acc: 89.498% (44749/50000)
Loss: 0.837 | Acc: 75.510% (7551/10000)

Epoch: 46
Loss: 0.309 | Acc: 89.634% (44817/50000)
Loss: 0.555 | Acc: 82.210% (8221/10000)

Epoch: 47
Loss: 0.311 | Acc: 89.614% (44807/50000)
Loss: 0.684 | Acc: 79.050% (7905/10000)

Epoch: 48
Loss: 0.307 | Acc: 89.794% (44897/50000)
Loss: 0.394 | Acc: 86.810% (8681/10000)
Saving..

Epoch: 49
Loss: 0.295 | Acc: 90.142% (45071/50000)
Loss: 0.594 | Acc: 81.810% (8181/10000)

Epoch: 50
Loss: 0.308 | Acc: 89.660% (44830/50000)
Loss: 0.582 | Acc: 81.590% (8159/10000)

Epoch: 51
Loss: 0.303 | Acc: 89.814% (44907/50000)
Loss: 0.398 | Acc: 87.040% (8704/10000)
Saving..

Epoch: 52
Loss: 0.300 | Acc: 90.084% (45042/50000)
Loss: 0.534 | Acc: 83.100% (8310/10000)

Epoch: 53
Loss: 0.302 | Acc: 90.032% (45016/50000)
Loss: 0.541 | Acc: 83.610% (8361/10000)

Epoch: 54
Loss: 0.303 | Acc: 89.856% (44928/50000)
Loss: 0.720 | Acc: 79.700% (7970/10000)

Epoch: 55
Loss: 0.296 | Acc: 90.110% (45055/50000)
Loss: 0.455 | Acc: 84.460% (8446/10000)

Epoch: 56
Loss: 0.288 | Acc: 90.388% (45194/50000)
Loss: 0.528 | Acc: 82.060% (8206/10000)

Epoch: 57
Loss: 0.290 | Acc: 90.254% (45127/50000)
Loss: 0.838 | Acc: 78.410% (7841/10000)

Epoch: 58
Loss: 0.289 | Acc: 90.238% (45119/50000)
Loss: 0.432 | Acc: 86.140% (8614/10000)

Epoch: 59
Loss: 0.283 | Acc: 90.736% (45368/50000)
Loss: 0.491 | Acc: 83.800% (8380/10000)

Epoch: 60
Loss: 0.282 | Acc: 90.742% (45371/50000)
Loss: 0.445 | Acc: 85.530% (8553/10000)

Epoch: 61
Loss: 0.283 | Acc: 90.516% (45258/50000)
Loss: 0.495 | Acc: 84.020% (8402/10000)

Epoch: 62
Loss: 0.279 | Acc: 90.530% (45265/50000)
Loss: 0.439 | Acc: 85.580% (8558/10000)

Epoch: 63
Loss: 0.277 | Acc: 90.686% (45343/50000)
Loss: 0.737 | Acc: 78.700% (7870/10000)

Epoch: 64
Loss: 0.274 | Acc: 90.862% (45431/50000)
Loss: 0.579 | Acc: 83.280% (8328/10000)

Epoch: 65
Loss: 0.269 | Acc: 90.998% (45499/50000)
Loss: 0.510 | Acc: 83.340% (8334/10000)

Epoch: 66
Loss: 0.272 | Acc: 90.972% (45486/50000)
Loss: 0.780 | Acc: 78.410% (7841/10000)

Epoch: 67
Loss: 0.265 | Acc: 91.210% (45605/50000)
Loss: 0.432 | Acc: 86.380% (8638/10000)

Epoch: 68
Loss: 0.263 | Acc: 91.222% (45611/50000)
Loss: 0.417 | Acc: 86.740% (8674/10000)

Epoch: 69
Loss: 0.265 | Acc: 91.226% (45613/50000)
Loss: 0.365 | Acc: 88.160% (8816/10000)
Saving..

Epoch: 70
Loss: 0.260 | Acc: 91.244% (45622/50000)
Loss: 0.454 | Acc: 85.360% (8536/10000)

Epoch: 71
Loss: 0.254 | Acc: 91.470% (45735/50000)
Loss: 0.451 | Acc: 84.970% (8497/10000)

Epoch: 72
Loss: 0.256 | Acc: 91.448% (45724/50000)
Loss: 0.561 | Acc: 82.620% (8262/10000)

Epoch: 73
Loss: 0.255 | Acc: 91.506% (45753/50000)
Loss: 0.623 | Acc: 81.530% (8153/10000)

Epoch: 74
Loss: 0.252 | Acc: 91.554% (45777/50000)
Loss: 0.489 | Acc: 85.040% (8504/10000)

Epoch: 75
Loss: 0.250 | Acc: 91.598% (45799/50000)
Loss: 0.584 | Acc: 82.580% (8258/10000)

Epoch: 76
Loss: 0.252 | Acc: 91.630% (45815/50000)
Loss: 0.370 | Acc: 87.970% (8797/10000)

Epoch: 77
Loss: 0.242 | Acc: 91.752% (45876/50000)
Loss: 0.373 | Acc: 88.040% (8804/10000)

Epoch: 78
Loss: 0.240 | Acc: 91.890% (45945/50000)
Loss: 0.354 | Acc: 88.890% (8889/10000)
Saving..

Epoch: 79
Loss: 0.243 | Acc: 91.922% (45961/50000)
Loss: 0.479 | Acc: 85.350% (8535/10000)

Epoch: 80
Loss: 0.241 | Acc: 91.860% (45930/50000)
Loss: 0.710 | Acc: 79.570% (7957/10000)

Epoch: 81
Loss: 0.241 | Acc: 91.856% (45928/50000)
Loss: 0.402 | Acc: 87.150% (8715/10000)

Epoch: 82
Loss: 0.237 | Acc: 92.062% (46031/50000)
Loss: 0.453 | Acc: 85.600% (8560/10000)

Epoch: 83
Loss: 0.228 | Acc: 92.282% (46141/50000)
Loss: 0.430 | Acc: 86.410% (8641/10000)

Epoch: 84
Loss: 0.226 | Acc: 92.334% (46167/50000)
Loss: 0.508 | Acc: 84.830% (8483/10000)

Epoch: 85
Loss: 0.226 | Acc: 92.612% (46306/50000)
Loss: 0.489 | Acc: 85.030% (8503/10000)

Epoch: 86
Loss: 0.220 | Acc: 92.584% (46292/50000)
Loss: 0.440 | Acc: 86.340% (8634/10000)

Epoch: 87
Loss: 0.229 | Acc: 92.282% (46141/50000)
Loss: 0.340 | Acc: 89.170% (8917/10000)
Saving..

Epoch: 88
Loss: 0.214 | Acc: 92.910% (46455/50000)
Loss: 0.555 | Acc: 84.560% (8456/10000)

Epoch: 89
Loss: 0.218 | Acc: 92.752% (46376/50000)
Loss: 0.476 | Acc: 85.450% (8545/10000)

Epoch: 90
Loss: 0.217 | Acc: 92.760% (46380/50000)
Loss: 0.403 | Acc: 87.400% (8740/10000)

Epoch: 91
Loss: 0.209 | Acc: 92.978% (46489/50000)
Loss: 0.354 | Acc: 87.980% (8798/10000)

Epoch: 92
Loss: 0.213 | Acc: 92.822% (46411/50000)
Loss: 0.409 | Acc: 86.730% (8673/10000)

Epoch: 93
Loss: 0.207 | Acc: 93.102% (46551/50000)
Loss: 0.376 | Acc: 87.760% (8776/10000)

Epoch: 94
Loss: 0.202 | Acc: 93.250% (46625/50000)
Loss: 0.390 | Acc: 88.210% (8821/10000)

Epoch: 95
Loss: 0.196 | Acc: 93.458% (46729/50000)
Loss: 0.413 | Acc: 86.840% (8684/10000)

Epoch: 96
Loss: 0.198 | Acc: 93.352% (46676/50000)
Loss: 0.511 | Acc: 84.220% (8422/10000)

Epoch: 97
Loss: 0.198 | Acc: 93.326% (46663/50000)
Loss: 0.376 | Acc: 88.170% (8817/10000)

Epoch: 98
Loss: 0.193 | Acc: 93.656% (46828/50000)
Loss: 0.339 | Acc: 88.950% (8895/10000)

Epoch: 99
Loss: 0.190 | Acc: 93.670% (46835/50000)
Loss: 0.422 | Acc: 87.050% (8705/10000)

Epoch: 100
Loss: 0.189 | Acc: 93.602% (46801/50000)
Loss: 0.436 | Acc: 86.440% (8644/10000)

Epoch: 101
Loss: 0.186 | Acc: 93.756% (46878/50000)
Loss: 0.371 | Acc: 88.460% (8846/10000)

Epoch: 102
Loss: 0.184 | Acc: 93.806% (46903/50000)
Loss: 0.384 | Acc: 88.500% (8850/10000)

Epoch: 103
Loss: 0.182 | Acc: 93.894% (46947/50000)
Loss: 0.350 | Acc: 88.960% (8896/10000)

Epoch: 104
Loss: 0.176 | Acc: 94.154% (47077/50000)
Loss: 0.335 | Acc: 89.620% (8962/10000)
Saving..

Epoch: 105
Loss: 0.176 | Acc: 94.134% (47067/50000)
Loss: 0.445 | Acc: 86.820% (8682/10000)

Epoch: 106
Loss: 0.173 | Acc: 94.264% (47132/50000)
Loss: 0.412 | Acc: 87.310% (8731/10000)

Epoch: 107
Loss: 0.169 | Acc: 94.330% (47165/50000)
Loss: 0.375 | Acc: 88.910% (8891/10000)

Epoch: 108
Loss: 0.167 | Acc: 94.486% (47243/50000)
Loss: 0.483 | Acc: 87.110% (8711/10000)

Epoch: 109
Loss: 0.166 | Acc: 94.378% (47189/50000)
Loss: 0.362 | Acc: 89.420% (8942/10000)

Epoch: 110
Loss: 0.163 | Acc: 94.532% (47266/50000)
Loss: 0.403 | Acc: 87.850% (8785/10000)

Epoch: 111
Loss: 0.155 | Acc: 94.752% (47376/50000)
Loss: 0.375 | Acc: 88.690% (8869/10000)

Epoch: 112
Loss: 0.158 | Acc: 94.762% (47381/50000)
Loss: 0.424 | Acc: 87.370% (8737/10000)

Epoch: 113
Loss: 0.154 | Acc: 94.878% (47439/50000)
Loss: 0.379 | Acc: 88.980% (8898/10000)

Epoch: 114
Loss: 0.151 | Acc: 94.932% (47466/50000)
Loss: 0.340 | Acc: 89.610% (8961/10000)

Epoch: 115
Loss: 0.143 | Acc: 95.262% (47631/50000)
Loss: 0.433 | Acc: 87.200% (8720/10000)

Epoch: 116
Loss: 0.143 | Acc: 95.248% (47624/50000)
Loss: 0.332 | Acc: 89.550% (8955/10000)

Epoch: 117
Loss: 0.144 | Acc: 95.318% (47659/50000)
Loss: 0.430 | Acc: 87.640% (8764/10000)

Epoch: 118
Loss: 0.137 | Acc: 95.408% (47704/50000)
Loss: 0.344 | Acc: 89.610% (8961/10000)

Epoch: 119
Loss: 0.129 | Acc: 95.686% (47843/50000)
Loss: 0.402 | Acc: 88.350% (8835/10000)

Epoch: 120
Loss: 0.132 | Acc: 95.520% (47760/50000)
Loss: 0.324 | Acc: 90.230% (9023/10000)
Saving..

Epoch: 121
Loss: 0.126 | Acc: 95.780% (47890/50000)
Loss: 0.290 | Acc: 91.430% (9143/10000)
Saving..

Epoch: 122
Loss: 0.128 | Acc: 95.714% (47857/50000)
Loss: 0.346 | Acc: 89.910% (8991/10000)

Epoch: 123
Loss: 0.124 | Acc: 95.868% (47934/50000)
Loss: 0.290 | Acc: 90.700% (9070/10000)

Epoch: 124
Loss: 0.123 | Acc: 95.784% (47892/50000)
Loss: 0.418 | Acc: 87.870% (8787/10000)

Epoch: 125
Loss: 0.117 | Acc: 96.050% (48025/50000)
Loss: 0.324 | Acc: 90.110% (9011/10000)

Epoch: 126
Loss: 0.109 | Acc: 96.352% (48176/50000)
Loss: 0.364 | Acc: 89.630% (8963/10000)

Epoch: 127
Loss: 0.113 | Acc: 96.220% (48110/50000)
Loss: 0.334 | Acc: 90.110% (9011/10000)

Epoch: 128
Loss: 0.103 | Acc: 96.536% (48268/50000)
Loss: 0.303 | Acc: 90.590% (9059/10000)

Epoch: 129
Loss: 0.105 | Acc: 96.486% (48243/50000)
Loss: 0.331 | Acc: 90.220% (9022/10000)

Epoch: 130
Loss: 0.099 | Acc: 96.758% (48379/50000)
Loss: 0.319 | Acc: 90.610% (9061/10000)

Epoch: 131
Loss: 0.101 | Acc: 96.644% (48322/50000)
Loss: 0.292 | Acc: 91.270% (9127/10000)

Epoch: 132
Loss: 0.097 | Acc: 96.814% (48407/50000)
Loss: 0.356 | Acc: 89.600% (8960/10000)

Epoch: 133
Loss: 0.096 | Acc: 96.846% (48423/50000)
Loss: 0.298 | Acc: 91.260% (9126/10000)

Epoch: 134
Loss: 0.089 | Acc: 97.068% (48534/50000)
Loss: 0.285 | Acc: 91.960% (9196/10000)
Saving..

Epoch: 135
Loss: 0.088 | Acc: 97.094% (48547/50000)
Loss: 0.397 | Acc: 88.810% (8881/10000)

Epoch: 136
Loss: 0.081 | Acc: 97.330% (48665/50000)
Loss: 0.262 | Acc: 92.280% (9228/10000)
Saving..

Epoch: 137
Loss: 0.082 | Acc: 97.304% (48652/50000)
Loss: 0.352 | Acc: 90.230% (9023/10000)

Epoch: 138
Loss: 0.075 | Acc: 97.544% (48772/50000)
Loss: 0.388 | Acc: 89.500% (8950/10000)

Epoch: 139
Loss: 0.079 | Acc: 97.378% (48689/50000)
Loss: 0.316 | Acc: 91.220% (9122/10000)

Epoch: 140
Loss: 0.076 | Acc: 97.450% (48725/50000)
Loss: 0.322 | Acc: 91.140% (9114/10000)

Epoch: 141
Loss: 0.065 | Acc: 97.886% (48943/50000)
Loss: 0.347 | Acc: 90.260% (9026/10000)

Epoch: 142
Loss: 0.069 | Acc: 97.754% (48877/50000)
Loss: 0.337 | Acc: 91.010% (9101/10000)

Epoch: 143
Loss: 0.063 | Acc: 97.916% (48958/50000)
Loss: 0.325 | Acc: 91.730% (9173/10000)

Epoch: 144
Loss: 0.057 | Acc: 98.232% (49116/50000)
Loss: 0.372 | Acc: 90.520% (9052/10000)

Epoch: 145
Loss: 0.059 | Acc: 98.132% (49066/50000)
Loss: 0.264 | Acc: 92.410% (9241/10000)
Saving..

Epoch: 146
Loss: 0.055 | Acc: 98.230% (49115/50000)
Loss: 0.307 | Acc: 92.030% (9203/10000)

Epoch: 147
Loss: 0.052 | Acc: 98.348% (49174/50000)
Loss: 0.267 | Acc: 92.570% (9257/10000)
Saving..

Epoch: 148
Loss: 0.048 | Acc: 98.514% (49257/50000)
Loss: 0.262 | Acc: 92.470% (9247/10000)

Epoch: 149
Loss: 0.050 | Acc: 98.470% (49235/50000)
Loss: 0.270 | Acc: 92.760% (9276/10000)
Saving..

Epoch: 150
Loss: 0.043 | Acc: 98.650% (49325/50000)
Loss: 0.256 | Acc: 93.190% (9319/10000)
Saving..

Epoch: 151
Loss: 0.037 | Acc: 98.846% (49423/50000)
Loss: 0.256 | Acc: 93.340% (9334/10000)
Saving..

Epoch: 152
Loss: 0.035 | Acc: 98.946% (49473/50000)
Loss: 0.244 | Acc: 93.430% (9343/10000)
Saving..

Epoch: 153
Loss: 0.035 | Acc: 98.970% (49485/50000)
Loss: 0.236 | Acc: 93.860% (9386/10000)
Saving..

Epoch: 154
Loss: 0.034 | Acc: 98.972% (49486/50000)
Loss: 0.272 | Acc: 93.070% (9307/10000)

Epoch: 155
Loss: 0.033 | Acc: 98.990% (49495/50000)
Loss: 0.256 | Acc: 93.260% (9326/10000)

Epoch: 156
Loss: 0.030 | Acc: 99.114% (49557/50000)
Loss: 0.242 | Acc: 93.480% (9348/10000)

Epoch: 157
Loss: 0.031 | Acc: 99.044% (49522/50000)
Loss: 0.257 | Acc: 93.410% (9341/10000)

Epoch: 158
Loss: 0.023 | Acc: 99.330% (49665/50000)
Loss: 0.248 | Acc: 93.320% (9332/10000)

Epoch: 159
Loss: 0.021 | Acc: 99.406% (49703/50000)
Loss: 0.253 | Acc: 93.410% (9341/10000)

Epoch: 160
Loss: 0.018 | Acc: 99.486% (49743/50000)
Loss: 0.229 | Acc: 94.240% (9424/10000)
Saving..

Epoch: 161
Loss: 0.016 | Acc: 99.566% (49783/50000)
Loss: 0.244 | Acc: 93.910% (9391/10000)

Epoch: 162
Loss: 0.017 | Acc: 99.560% (49780/50000)
Loss: 0.224 | Acc: 94.190% (9419/10000)

Epoch: 163
Loss: 0.015 | Acc: 99.606% (49803/50000)
Loss: 0.226 | Acc: 94.160% (9416/10000)

Epoch: 164
Loss: 0.012 | Acc: 99.690% (49845/50000)
Loss: 0.222 | Acc: 94.470% (9447/10000)
Saving..

Epoch: 165
Loss: 0.010 | Acc: 99.766% (49883/50000)
Loss: 0.223 | Acc: 94.620% (9462/10000)
Saving..

Epoch: 166
Loss: 0.007 | Acc: 99.860% (49930/50000)
Loss: 0.220 | Acc: 94.570% (9457/10000)

Epoch: 167
Loss: 0.008 | Acc: 99.844% (49922/50000)
Loss: 0.202 | Acc: 94.930% (9493/10000)
Saving..

Epoch: 168
Loss: 0.006 | Acc: 99.886% (49943/50000)
Loss: 0.194 | Acc: 95.030% (9503/10000)
Saving..

Epoch: 169
Loss: 0.005 | Acc: 99.930% (49965/50000)
Loss: 0.210 | Acc: 94.540% (9454/10000)

Epoch: 170
Loss: 0.006 | Acc: 99.898% (49949/50000)
Loss: 0.194 | Acc: 94.750% (9475/10000)

Epoch: 171
Loss: 0.004 | Acc: 99.954% (49977/50000)
Loss: 0.191 | Acc: 95.170% (9517/10000)
Saving..

Epoch: 172
Loss: 0.003 | Acc: 99.964% (49982/50000)
Loss: 0.182 | Acc: 95.230% (9523/10000)
Saving..

Epoch: 173
Loss: 0.003 | Acc: 99.980% (49990/50000)
Loss: 0.185 | Acc: 95.290% (9529/10000)
Saving..

Epoch: 174
Loss: 0.003 | Acc: 99.964% (49982/50000)
Loss: 0.178 | Acc: 95.390% (9539/10000)
Saving..

Epoch: 175
Loss: 0.003 | Acc: 99.984% (49992/50000)
Loss: 0.182 | Acc: 95.310% (9531/10000)

Epoch: 176
Loss: 0.003 | Acc: 99.982% (49991/50000)
Loss: 0.176 | Acc: 95.290% (9529/10000)

Epoch: 177
Loss: 0.003 | Acc: 99.972% (49986/50000)
Loss: 0.171 | Acc: 95.600% (9560/10000)
Saving..

Epoch: 178
Loss: 0.002 | Acc: 99.986% (49993/50000)
Loss: 0.177 | Acc: 95.370% (9537/10000)

Epoch: 179
Loss: 0.002 | Acc: 99.994% (49997/50000)
Loss: 0.176 | Acc: 95.370% (9537/10000)

Epoch: 180
Loss: 0.002 | Acc: 99.988% (49994/50000)
Loss: 0.171 | Acc: 95.480% (9548/10000)

Epoch: 181
Loss: 0.002 | Acc: 99.992% (49996/50000)
Loss: 0.167 | Acc: 95.640% (9564/10000)
Saving..

Epoch: 182
Loss: 0.002 | Acc: 99.988% (49994/50000)
Loss: 0.168 | Acc: 95.590% (9559/10000)

Epoch: 183
Loss: 0.002 | Acc: 99.984% (49992/50000)
Loss: 0.169 | Acc: 95.560% (9556/10000)

Epoch: 184
Loss: 0.002 | Acc: 99.994% (49997/50000)
Loss: 0.166 | Acc: 95.690% (9569/10000)
Saving..

Epoch: 185
Loss: 0.002 | Acc: 99.996% (49998/50000)
Loss: 0.169 | Acc: 95.600% (9560/10000)

Epoch: 186
Loss: 0.002 | Acc: 99.998% (49999/50000)
Loss: 0.167 | Acc: 95.670% (9567/10000)

Epoch: 187
Loss: 0.002 | Acc: 100.000% (50000/50000)
Loss: 0.166 | Acc: 95.620% (9562/10000)

Epoch: 188
Loss: 0.002 | Acc: 99.996% (49998/50000)
Loss: 0.165 | Acc: 95.780% (9578/10000)
Saving..

Epoch: 189
Loss: 0.002 | Acc: 100.000% (50000/50000)
Loss: 0.164 | Acc: 95.710% (9571/10000)

Epoch: 190
Loss: 0.002 | Acc: 99.988% (49994/50000)
Loss: 0.165 | Acc: 95.660% (9566/10000)

Epoch: 191
Loss: 0.002 | Acc: 99.996% (49998/50000)
Loss: 0.167 | Acc: 95.590% (9559/10000)

Epoch: 192
Loss: 0.002 | Acc: 99.996% (49998/50000)
Loss: 0.165 | Acc: 95.630% (9563/10000)

Epoch: 193
Loss: 0.002 | Acc: 99.998% (49999/50000)
Loss: 0.165 | Acc: 95.620% (9562/10000)

Epoch: 194
Loss: 0.002 | Acc: 100.000% (50000/50000)
Loss: 0.165 | Acc: 95.640% (9564/10000)

Epoch: 195
Loss: 0.002 | Acc: 100.000% (50000/50000)
Loss: 0.165 | Acc: 95.720% (9572/10000)

Epoch: 196
Loss: 0.002 | Acc: 100.000% (50000/50000)
Loss: 0.165 | Acc: 95.570% (9557/10000)

Epoch: 197
Loss: 0.002 | Acc: 100.000% (50000/50000)
Loss: 0.164 | Acc: 95.670% (9567/10000)

Epoch: 198
Loss: 0.002 | Acc: 99.994% (49997/50000)
Loss: 0.165 | Acc: 95.660% (9566/10000)

Epoch: 199
Loss: 0.002 | Acc: 99.998% (49999/50000)
Loss: 0.165 | Acc: 95.720% (9572/10000)
