==> Preparing data..
Files already downloaded and verified
Files already downloaded and verified
==> Building model..
----------------------------------------------------------------
        Layer (type)               Output Shape         Param #
================================================================
            Conv2d-1           [-1, 64, 32, 32]           1,728
       BatchNorm2d-2           [-1, 64, 32, 32]             128
            Conv2d-3           [-1, 64, 32, 32]          36,864
       BatchNorm2d-4           [-1, 64, 32, 32]             128
            Conv2d-5           [-1, 64, 32, 32]          36,864
       BatchNorm2d-6           [-1, 64, 32, 32]             128
ModifiedBasicBlock-7           [-1, 64, 32, 32]               0
            Conv2d-8           [-1, 64, 32, 32]          36,864
       BatchNorm2d-9           [-1, 64, 32, 32]             128
           Conv2d-10           [-1, 64, 32, 32]          36,864
      BatchNorm2d-11           [-1, 64, 32, 32]             128
ModifiedBasicBlock-12           [-1, 64, 32, 32]               0
           Conv2d-13           [-1, 64, 32, 32]          36,864
      BatchNorm2d-14           [-1, 64, 32, 32]             128
           Conv2d-15           [-1, 64, 32, 32]          36,864
      BatchNorm2d-16           [-1, 64, 32, 32]             128
ModifiedBasicBlock-17           [-1, 64, 32, 32]               0
           Conv2d-18           [-1, 64, 32, 32]          36,864
      BatchNorm2d-19           [-1, 64, 32, 32]             128
           Conv2d-20           [-1, 64, 32, 32]          36,864
      BatchNorm2d-21           [-1, 64, 32, 32]             128
ModifiedBasicBlock-22           [-1, 64, 32, 32]               0
           Conv2d-23          [-1, 128, 16, 16]          73,728
      BatchNorm2d-24          [-1, 128, 16, 16]             256
           Conv2d-25          [-1, 128, 16, 16]         147,456
      BatchNorm2d-26          [-1, 128, 16, 16]             256
           Conv2d-27          [-1, 128, 16, 16]           8,192
      BatchNorm2d-28          [-1, 128, 16, 16]             256
ModifiedBasicBlock-29          [-1, 128, 16, 16]               0
           Conv2d-30          [-1, 128, 16, 16]         147,456
      BatchNorm2d-31          [-1, 128, 16, 16]             256
           Conv2d-32          [-1, 128, 16, 16]         147,456
      BatchNorm2d-33          [-1, 128, 16, 16]             256
ModifiedBasicBlock-34          [-1, 128, 16, 16]               0
           Conv2d-35          [-1, 128, 16, 16]         147,456
      BatchNorm2d-36          [-1, 128, 16, 16]             256
           Conv2d-37          [-1, 128, 16, 16]         147,456
      BatchNorm2d-38          [-1, 128, 16, 16]             256
ModifiedBasicBlock-39          [-1, 128, 16, 16]               0
           Conv2d-40          [-1, 128, 16, 16]         147,456
      BatchNorm2d-41          [-1, 128, 16, 16]             256
           Conv2d-42          [-1, 128, 16, 16]         147,456
      BatchNorm2d-43          [-1, 128, 16, 16]             256
ModifiedBasicBlock-44          [-1, 128, 16, 16]               0
           Conv2d-45            [-1, 256, 8, 8]         294,912
      BatchNorm2d-46            [-1, 256, 8, 8]             512
           Conv2d-47            [-1, 256, 8, 8]         589,824
      BatchNorm2d-48            [-1, 256, 8, 8]             512
           Conv2d-49            [-1, 256, 8, 8]          32,768
      BatchNorm2d-50            [-1, 256, 8, 8]             512
ModifiedBasicBlock-51            [-1, 256, 8, 8]               0
           Conv2d-52            [-1, 256, 8, 8]         589,824
      BatchNorm2d-53            [-1, 256, 8, 8]             512
           Conv2d-54            [-1, 256, 8, 8]         589,824
      BatchNorm2d-55            [-1, 256, 8, 8]             512
ModifiedBasicBlock-56            [-1, 256, 8, 8]               0
           Conv2d-57            [-1, 256, 8, 8]         589,824
      BatchNorm2d-58            [-1, 256, 8, 8]             512
           Conv2d-59            [-1, 256, 8, 8]         589,824
      BatchNorm2d-60            [-1, 256, 8, 8]             512
ModifiedBasicBlock-61            [-1, 256, 8, 8]               0
          Dropout-62                  [-1, 256]               0
           Linear-63                   [-1, 10]           2,570
    DropoutResNet-64                   [-1, 10]               0
================================================================
Total params: 4,697,162
Trainable params: 4,697,162
Non-trainable params: 0
----------------------------------------------------------------
Input size (MB): 0.01
Forward/backward pass size (MB): 18.63
Params size (MB): 17.92
Estimated Total Size (MB): 36.56
----------------------------------------------------------------

Epoch: 0
Loss: 1.782 | Acc: 32.766% (16383/50000)
Loss: 1.748 | Acc: 39.950% (3995/10000)
Saving..

Epoch: 1
Loss: 1.347 | Acc: 51.236% (25618/50000)
Loss: 1.185 | Acc: 57.850% (5785/10000)
Saving..

Epoch: 2
Loss: 1.011 | Acc: 64.462% (32231/50000)
Loss: 1.036 | Acc: 66.000% (6600/10000)
Saving..

Epoch: 3
Loss: 0.813 | Acc: 72.068% (36034/50000)
Loss: 0.743 | Acc: 74.500% (7450/10000)
Saving..

Epoch: 4
Loss: 0.696 | Acc: 76.492% (38246/50000)
Loss: 0.817 | Acc: 73.530% (7353/10000)

Epoch: 5
Loss: 0.630 | Acc: 78.744% (39372/50000)
Loss: 0.656 | Acc: 78.340% (7834/10000)
Saving..

Epoch: 6
Loss: 0.580 | Acc: 80.604% (40302/50000)
Loss: 0.668 | Acc: 77.970% (7797/10000)

Epoch: 7
Loss: 0.534 | Acc: 82.122% (41061/50000)
Loss: 0.665 | Acc: 78.060% (7806/10000)

Epoch: 8
Loss: 0.521 | Acc: 82.516% (41258/50000)
Loss: 0.735 | Acc: 76.020% (7602/10000)

Epoch: 9
Loss: 0.503 | Acc: 83.174% (41587/50000)
Loss: 0.719 | Acc: 77.040% (7704/10000)

Epoch: 10
Loss: 0.489 | Acc: 83.630% (41815/50000)
Loss: 0.617 | Acc: 79.810% (7981/10000)
Saving..

Epoch: 11
Loss: 0.465 | Acc: 84.340% (42170/50000)
Loss: 0.708 | Acc: 77.660% (7766/10000)

Epoch: 12
Loss: 0.456 | Acc: 84.842% (42421/50000)
Loss: 0.783 | Acc: 76.150% (7615/10000)

Epoch: 13
Loss: 0.435 | Acc: 85.536% (42768/50000)
Loss: 0.564 | Acc: 82.090% (8209/10000)
Saving..

Epoch: 14
Loss: 0.431 | Acc: 85.424% (42712/50000)
Loss: 0.695 | Acc: 78.230% (7823/10000)

Epoch: 15
Loss: 0.424 | Acc: 85.914% (42957/50000)
Loss: 0.664 | Acc: 78.230% (7823/10000)

Epoch: 16
Loss: 0.408 | Acc: 86.324% (43162/50000)
Loss: 0.859 | Acc: 74.620% (7462/10000)

Epoch: 17
Loss: 0.416 | Acc: 86.140% (43070/50000)
Loss: 0.796 | Acc: 76.370% (7637/10000)

Epoch: 18
Loss: 0.397 | Acc: 86.730% (43365/50000)
Loss: 0.560 | Acc: 82.010% (8201/10000)

Epoch: 19
Loss: 0.391 | Acc: 86.922% (43461/50000)
Loss: 1.004 | Acc: 71.410% (7141/10000)

Epoch: 20
Loss: 0.387 | Acc: 86.888% (43444/50000)
Loss: 0.545 | Acc: 83.380% (8338/10000)
Saving..

Epoch: 21
Loss: 0.386 | Acc: 87.190% (43595/50000)
Loss: 0.692 | Acc: 78.570% (7857/10000)

Epoch: 22
Loss: 0.377 | Acc: 87.380% (43690/50000)
Loss: 0.651 | Acc: 80.000% (8000/10000)

Epoch: 23
Loss: 0.374 | Acc: 87.524% (43762/50000)
Loss: 0.699 | Acc: 78.280% (7828/10000)

Epoch: 24
Loss: 0.368 | Acc: 87.782% (43891/50000)
Loss: 0.542 | Acc: 83.420% (8342/10000)
Saving..

Epoch: 25
Loss: 0.370 | Acc: 87.740% (43870/50000)
Loss: 0.672 | Acc: 78.250% (7825/10000)

Epoch: 26
Loss: 0.363 | Acc: 87.960% (43980/50000)
Loss: 0.684 | Acc: 79.400% (7940/10000)

Epoch: 27
Loss: 0.356 | Acc: 88.194% (44097/50000)
Loss: 0.594 | Acc: 82.140% (8214/10000)

Epoch: 28
Loss: 0.351 | Acc: 88.182% (44091/50000)
Loss: 0.807 | Acc: 75.600% (7560/10000)

Epoch: 29
Loss: 0.349 | Acc: 88.332% (44166/50000)
Loss: 0.615 | Acc: 80.760% (8076/10000)

Epoch: 30
Loss: 0.352 | Acc: 88.372% (44186/50000)
Loss: 0.717 | Acc: 78.550% (7855/10000)

Epoch: 31
Loss: 0.351 | Acc: 88.302% (44151/50000)
Loss: 0.532 | Acc: 83.260% (8326/10000)

Epoch: 32
Loss: 0.343 | Acc: 88.540% (44270/50000)
Loss: 0.475 | Acc: 84.250% (8425/10000)
Saving..

Epoch: 33
Loss: 0.347 | Acc: 88.370% (44185/50000)
Loss: 0.610 | Acc: 81.780% (8178/10000)

Epoch: 34
Loss: 0.341 | Acc: 88.632% (44316/50000)
Loss: 0.560 | Acc: 83.570% (8357/10000)

Epoch: 35
Loss: 0.334 | Acc: 88.894% (44447/50000)
Loss: 0.496 | Acc: 84.460% (8446/10000)
Saving..

Epoch: 36
Loss: 0.328 | Acc: 89.154% (44577/50000)
Loss: 0.700 | Acc: 78.280% (7828/10000)

Epoch: 37
Loss: 0.327 | Acc: 89.250% (44625/50000)
Loss: 0.627 | Acc: 82.750% (8275/10000)

Epoch: 38
Loss: 0.335 | Acc: 88.910% (44455/50000)
Loss: 0.492 | Acc: 84.180% (8418/10000)

Epoch: 39
Loss: 0.326 | Acc: 89.088% (44544/50000)
Loss: 0.520 | Acc: 83.080% (8308/10000)

Epoch: 40
Loss: 0.329 | Acc: 88.890% (44445/50000)
Loss: 0.488 | Acc: 85.420% (8542/10000)
Saving..

Epoch: 41
Loss: 0.320 | Acc: 89.412% (44706/50000)
Loss: 0.465 | Acc: 85.590% (8559/10000)
Saving..

Epoch: 42
Loss: 0.325 | Acc: 89.142% (44571/50000)
Loss: 0.545 | Acc: 82.560% (8256/10000)

Epoch: 43
Loss: 0.319 | Acc: 89.252% (44626/50000)
Loss: 0.579 | Acc: 82.230% (8223/10000)

Epoch: 44
Loss: 0.319 | Acc: 89.368% (44684/50000)
Loss: 0.407 | Acc: 86.730% (8673/10000)
Saving..

Epoch: 45
Loss: 0.315 | Acc: 89.706% (44853/50000)
Loss: 0.446 | Acc: 85.500% (8550/10000)

Epoch: 46
Loss: 0.314 | Acc: 89.548% (44774/50000)
Loss: 0.553 | Acc: 83.060% (8306/10000)

Epoch: 47
Loss: 0.308 | Acc: 89.644% (44822/50000)
Loss: 0.562 | Acc: 82.360% (8236/10000)

Epoch: 48
Loss: 0.315 | Acc: 89.580% (44790/50000)
Loss: 0.756 | Acc: 78.510% (7851/10000)

Epoch: 49
Loss: 0.301 | Acc: 89.980% (44990/50000)
Loss: 0.462 | Acc: 85.810% (8581/10000)

Epoch: 50
Loss: 0.303 | Acc: 90.002% (45001/50000)
Loss: 0.504 | Acc: 83.800% (8380/10000)

Epoch: 51
Loss: 0.308 | Acc: 89.740% (44870/50000)
Loss: 0.723 | Acc: 79.510% (7951/10000)

Epoch: 52
Loss: 0.303 | Acc: 89.864% (44932/50000)
Loss: 0.411 | Acc: 86.990% (8699/10000)
Saving..

Epoch: 53
Loss: 0.298 | Acc: 90.230% (45115/50000)
Loss: 0.483 | Acc: 85.220% (8522/10000)

Epoch: 54
Loss: 0.294 | Acc: 90.162% (45081/50000)
Loss: 0.727 | Acc: 80.090% (8009/10000)

Epoch: 55
Loss: 0.293 | Acc: 90.248% (45124/50000)
Loss: 0.433 | Acc: 86.330% (8633/10000)

Epoch: 56
Loss: 0.292 | Acc: 90.174% (45087/50000)
Loss: 0.584 | Acc: 82.250% (8225/10000)

Epoch: 57
Loss: 0.294 | Acc: 90.158% (45079/50000)
Loss: 0.423 | Acc: 86.240% (8624/10000)

Epoch: 58
Loss: 0.292 | Acc: 90.284% (45142/50000)
Loss: 0.412 | Acc: 87.410% (8741/10000)
Saving..

Epoch: 59
Loss: 0.288 | Acc: 90.470% (45235/50000)
Loss: 0.523 | Acc: 84.120% (8412/10000)

Epoch: 60
Loss: 0.286 | Acc: 90.564% (45282/50000)
Loss: 1.131 | Acc: 73.720% (7372/10000)

Epoch: 61
Loss: 0.280 | Acc: 90.674% (45337/50000)
Loss: 0.641 | Acc: 80.820% (8082/10000)

Epoch: 62
Loss: 0.280 | Acc: 90.746% (45373/50000)
Loss: 0.521 | Acc: 84.510% (8451/10000)

Epoch: 63
Loss: 0.274 | Acc: 90.914% (45457/50000)
Loss: 0.573 | Acc: 82.120% (8212/10000)

Epoch: 64
Loss: 0.280 | Acc: 90.750% (45375/50000)
Loss: 0.513 | Acc: 84.500% (8450/10000)

Epoch: 65
Loss: 0.271 | Acc: 90.924% (45462/50000)
Loss: 0.483 | Acc: 85.190% (8519/10000)

Epoch: 66
Loss: 0.264 | Acc: 91.130% (45565/50000)
Loss: 0.386 | Acc: 87.470% (8747/10000)
Saving..

Epoch: 67
Loss: 0.265 | Acc: 91.112% (45556/50000)
Loss: 0.619 | Acc: 80.700% (8070/10000)

Epoch: 68
Loss: 0.270 | Acc: 90.882% (45441/50000)
Loss: 0.455 | Acc: 86.430% (8643/10000)

Epoch: 69
Loss: 0.264 | Acc: 91.176% (45588/50000)
Loss: 0.376 | Acc: 87.900% (8790/10000)
Saving..

Epoch: 70
Loss: 0.268 | Acc: 90.976% (45488/50000)
Loss: 0.552 | Acc: 83.960% (8396/10000)

Epoch: 71
Loss: 0.260 | Acc: 91.552% (45776/50000)
Loss: 0.523 | Acc: 84.190% (8419/10000)

Epoch: 72
Loss: 0.254 | Acc: 91.560% (45780/50000)
Loss: 0.455 | Acc: 85.690% (8569/10000)

Epoch: 73
Loss: 0.263 | Acc: 91.206% (45603/50000)
Loss: 0.392 | Acc: 87.590% (8759/10000)

Epoch: 74
Loss: 0.255 | Acc: 91.438% (45719/50000)
Loss: 0.375 | Acc: 88.300% (8830/10000)
Saving..

Epoch: 75
Loss: 0.252 | Acc: 91.548% (45774/50000)
Loss: 0.515 | Acc: 85.450% (8545/10000)

Epoch: 76
Loss: 0.249 | Acc: 91.728% (45864/50000)
Loss: 0.576 | Acc: 83.590% (8359/10000)

Epoch: 77
Loss: 0.247 | Acc: 91.712% (45856/50000)
Loss: 0.515 | Acc: 84.590% (8459/10000)

Epoch: 78
Loss: 0.245 | Acc: 91.948% (45974/50000)
Loss: 0.479 | Acc: 85.540% (8554/10000)

Epoch: 79
Loss: 0.249 | Acc: 91.770% (45885/50000)
Loss: 0.380 | Acc: 87.820% (8782/10000)

Epoch: 80
Loss: 0.244 | Acc: 91.880% (45940/50000)
Loss: 0.370 | Acc: 88.090% (8809/10000)

Epoch: 81
Loss: 0.235 | Acc: 92.336% (46168/50000)
Loss: 0.409 | Acc: 87.060% (8706/10000)

Epoch: 82
Loss: 0.230 | Acc: 92.284% (46142/50000)
Loss: 0.488 | Acc: 85.610% (8561/10000)

Epoch: 83
Loss: 0.232 | Acc: 92.194% (46097/50000)
Loss: 0.334 | Acc: 89.290% (8929/10000)
Saving..

Epoch: 84
Loss: 0.237 | Acc: 92.076% (46038/50000)
Loss: 0.370 | Acc: 88.660% (8866/10000)

Epoch: 85
Loss: 0.227 | Acc: 92.484% (46242/50000)
Loss: 0.460 | Acc: 85.870% (8587/10000)

Epoch: 86
Loss: 0.233 | Acc: 92.100% (46050/50000)
Loss: 0.435 | Acc: 86.310% (8631/10000)

Epoch: 87
Loss: 0.225 | Acc: 92.558% (46279/50000)
Loss: 0.534 | Acc: 84.380% (8438/10000)

Epoch: 88
Loss: 0.216 | Acc: 92.824% (46412/50000)
Loss: 0.457 | Acc: 86.890% (8689/10000)

Epoch: 89
Loss: 0.215 | Acc: 92.846% (46423/50000)
Loss: 0.482 | Acc: 85.440% (8544/10000)

Epoch: 90
Loss: 0.216 | Acc: 92.654% (46327/50000)
Loss: 0.400 | Acc: 87.640% (8764/10000)

Epoch: 91
Loss: 0.209 | Acc: 93.068% (46534/50000)
Loss: 0.383 | Acc: 88.010% (8801/10000)

Epoch: 92
Loss: 0.217 | Acc: 92.632% (46316/50000)
Loss: 0.537 | Acc: 84.160% (8416/10000)

Epoch: 93
Loss: 0.207 | Acc: 93.092% (46546/50000)
Loss: 0.366 | Acc: 88.230% (8823/10000)

Epoch: 94
Loss: 0.205 | Acc: 93.116% (46558/50000)
Loss: 0.512 | Acc: 85.770% (8577/10000)

Epoch: 95
Loss: 0.207 | Acc: 93.108% (46554/50000)
Loss: 0.440 | Acc: 87.040% (8704/10000)

Epoch: 96
Loss: 0.198 | Acc: 93.500% (46750/50000)
Loss: 0.365 | Acc: 88.650% (8865/10000)

Epoch: 97
Loss: 0.198 | Acc: 93.446% (46723/50000)
Loss: 0.449 | Acc: 87.020% (8702/10000)

Epoch: 98
Loss: 0.199 | Acc: 93.284% (46642/50000)
Loss: 0.921 | Acc: 77.530% (7753/10000)

Epoch: 99
Loss: 0.189 | Acc: 93.668% (46834/50000)
Loss: 0.383 | Acc: 87.920% (8792/10000)

Epoch: 100
Loss: 0.190 | Acc: 93.664% (46832/50000)
Loss: 0.379 | Acc: 88.810% (8881/10000)

Epoch: 101
Loss: 0.188 | Acc: 93.786% (46893/50000)
Loss: 0.477 | Acc: 86.520% (8652/10000)

Epoch: 102
Loss: 0.184 | Acc: 93.960% (46980/50000)
Loss: 0.378 | Acc: 88.780% (8878/10000)

Epoch: 103
Loss: 0.181 | Acc: 93.986% (46993/50000)
Loss: 0.384 | Acc: 88.680% (8868/10000)

Epoch: 104
Loss: 0.178 | Acc: 94.078% (47039/50000)
Loss: 0.375 | Acc: 88.480% (8848/10000)

Epoch: 105
Loss: 0.172 | Acc: 94.320% (47160/50000)
Loss: 0.361 | Acc: 89.110% (8911/10000)

Epoch: 106
Loss: 0.169 | Acc: 94.386% (47193/50000)
Loss: 0.347 | Acc: 89.490% (8949/10000)
Saving..

Epoch: 107
Loss: 0.167 | Acc: 94.458% (47229/50000)
Loss: 0.363 | Acc: 89.490% (8949/10000)

Epoch: 108
Loss: 0.165 | Acc: 94.382% (47191/50000)
Loss: 0.419 | Acc: 87.850% (8785/10000)

Epoch: 109
Loss: 0.163 | Acc: 94.606% (47303/50000)
Loss: 0.436 | Acc: 87.250% (8725/10000)

Epoch: 110
Loss: 0.166 | Acc: 94.482% (47241/50000)
Loss: 0.336 | Acc: 89.790% (8979/10000)
Saving..

Epoch: 111
Loss: 0.158 | Acc: 94.688% (47344/50000)
Loss: 0.563 | Acc: 85.290% (8529/10000)

Epoch: 112
Loss: 0.156 | Acc: 94.786% (47393/50000)
Loss: 0.424 | Acc: 87.520% (8752/10000)

Epoch: 113
Loss: 0.153 | Acc: 94.848% (47424/50000)
Loss: 0.562 | Acc: 84.520% (8452/10000)

Epoch: 114
Loss: 0.148 | Acc: 95.034% (47517/50000)
Loss: 0.608 | Acc: 84.610% (8461/10000)

Epoch: 115
Loss: 0.147 | Acc: 95.106% (47553/50000)
Loss: 0.350 | Acc: 89.670% (8967/10000)

Epoch: 116
Loss: 0.145 | Acc: 95.142% (47571/50000)
Loss: 0.416 | Acc: 88.340% (8834/10000)

Epoch: 117
Loss: 0.139 | Acc: 95.332% (47666/50000)
Loss: 0.323 | Acc: 90.520% (9052/10000)
Saving..

Epoch: 118
Loss: 0.134 | Acc: 95.472% (47736/50000)
Loss: 0.312 | Acc: 90.710% (9071/10000)
Saving..

Epoch: 119
Loss: 0.135 | Acc: 95.432% (47716/50000)
Loss: 0.411 | Acc: 88.440% (8844/10000)

Epoch: 120
Loss: 0.133 | Acc: 95.530% (47765/50000)
Loss: 0.445 | Acc: 87.950% (8795/10000)

Epoch: 121
Loss: 0.131 | Acc: 95.484% (47742/50000)
Loss: 0.394 | Acc: 88.800% (8880/10000)

Epoch: 122
Loss: 0.121 | Acc: 95.968% (47984/50000)
Loss: 0.335 | Acc: 90.630% (9063/10000)

Epoch: 123
Loss: 0.122 | Acc: 95.832% (47916/50000)
Loss: 0.293 | Acc: 91.240% (9124/10000)
Saving..

Epoch: 124
Loss: 0.123 | Acc: 95.888% (47944/50000)
Loss: 0.360 | Acc: 90.160% (9016/10000)

Epoch: 125
Loss: 0.119 | Acc: 96.182% (48091/50000)
Loss: 0.311 | Acc: 91.260% (9126/10000)
Saving..

Epoch: 126
Loss: 0.116 | Acc: 96.226% (48113/50000)
Loss: 0.344 | Acc: 90.200% (9020/10000)

Epoch: 127
Loss: 0.104 | Acc: 96.596% (48298/50000)
Loss: 0.405 | Acc: 88.710% (8871/10000)

Epoch: 128
Loss: 0.109 | Acc: 96.380% (48190/50000)
Loss: 0.324 | Acc: 90.910% (9091/10000)

Epoch: 129
Loss: 0.108 | Acc: 96.346% (48173/50000)
Loss: 0.400 | Acc: 89.060% (8906/10000)

Epoch: 130
Loss: 0.101 | Acc: 96.692% (48346/50000)
Loss: 0.362 | Acc: 89.790% (8979/10000)

Epoch: 131
Loss: 0.102 | Acc: 96.592% (48296/50000)
Loss: 0.274 | Acc: 92.220% (9222/10000)
Saving..

Epoch: 132
Loss: 0.098 | Acc: 96.764% (48382/50000)
Loss: 0.309 | Acc: 91.250% (9125/10000)

Epoch: 133
Loss: 0.095 | Acc: 96.854% (48427/50000)
Loss: 0.337 | Acc: 90.850% (9085/10000)

Epoch: 134
Loss: 0.089 | Acc: 97.160% (48580/50000)
Loss: 0.388 | Acc: 89.560% (8956/10000)

Epoch: 135
Loss: 0.081 | Acc: 97.300% (48650/50000)
Loss: 0.368 | Acc: 90.150% (9015/10000)

Epoch: 136
Loss: 0.091 | Acc: 96.932% (48466/50000)
Loss: 0.297 | Acc: 91.750% (9175/10000)

Epoch: 137
Loss: 0.079 | Acc: 97.422% (48711/50000)
Loss: 0.339 | Acc: 90.780% (9078/10000)

Epoch: 138
Loss: 0.083 | Acc: 97.290% (48645/50000)
Loss: 0.313 | Acc: 91.520% (9152/10000)

Epoch: 139
Loss: 0.077 | Acc: 97.422% (48711/50000)
Loss: 0.292 | Acc: 91.650% (9165/10000)

Epoch: 140
Loss: 0.068 | Acc: 97.754% (48877/50000)
Loss: 0.300 | Acc: 92.080% (9208/10000)

Epoch: 141
Loss: 0.065 | Acc: 97.908% (48954/50000)
Loss: 0.327 | Acc: 91.820% (9182/10000)

Epoch: 142
Loss: 0.069 | Acc: 97.734% (48867/50000)
Loss: 0.346 | Acc: 91.150% (9115/10000)

Epoch: 143
Loss: 0.062 | Acc: 97.984% (48992/50000)
Loss: 0.271 | Acc: 92.830% (9283/10000)
Saving..

Epoch: 144
Loss: 0.061 | Acc: 98.006% (49003/50000)
Loss: 0.298 | Acc: 92.280% (9228/10000)

Epoch: 145
Loss: 0.053 | Acc: 98.288% (49144/50000)
Loss: 0.347 | Acc: 91.460% (9146/10000)

Epoch: 146
Loss: 0.058 | Acc: 98.030% (49015/50000)
Loss: 0.285 | Acc: 92.360% (9236/10000)

Epoch: 147
Loss: 0.051 | Acc: 98.328% (49164/50000)
Loss: 0.320 | Acc: 92.050% (9205/10000)

Epoch: 148
Loss: 0.046 | Acc: 98.522% (49261/50000)
Loss: 0.319 | Acc: 92.170% (9217/10000)

Epoch: 149
Loss: 0.048 | Acc: 98.452% (49226/50000)
Loss: 0.289 | Acc: 92.450% (9245/10000)

Epoch: 150
Loss: 0.046 | Acc: 98.514% (49257/50000)
Loss: 0.277 | Acc: 93.080% (9308/10000)
Saving..

Epoch: 151
Loss: 0.037 | Acc: 98.786% (49393/50000)
Loss: 0.343 | Acc: 91.830% (9183/10000)

Epoch: 152
Loss: 0.040 | Acc: 98.706% (49353/50000)
Loss: 0.291 | Acc: 93.060% (9306/10000)

Epoch: 153
Loss: 0.038 | Acc: 98.818% (49409/50000)
Loss: 0.331 | Acc: 91.850% (9185/10000)

Epoch: 154
Loss: 0.035 | Acc: 98.892% (49446/50000)
Loss: 0.282 | Acc: 92.750% (9275/10000)

Epoch: 155
Loss: 0.032 | Acc: 98.960% (49480/50000)
Loss: 0.247 | Acc: 93.720% (9372/10000)
Saving..

Epoch: 156
Loss: 0.029 | Acc: 99.108% (49554/50000)
Loss: 0.255 | Acc: 93.460% (9346/10000)

Epoch: 157
Loss: 0.027 | Acc: 99.176% (49588/50000)
Loss: 0.289 | Acc: 92.940% (9294/10000)

Epoch: 158
Loss: 0.024 | Acc: 99.274% (49637/50000)
Loss: 0.251 | Acc: 94.140% (9414/10000)
Saving..

Epoch: 159
Loss: 0.019 | Acc: 99.422% (49711/50000)
Loss: 0.253 | Acc: 93.640% (9364/10000)

Epoch: 160
Loss: 0.018 | Acc: 99.460% (49730/50000)
Loss: 0.263 | Acc: 93.400% (9340/10000)

Epoch: 161
Loss: 0.017 | Acc: 99.494% (49747/50000)
Loss: 0.254 | Acc: 94.040% (9404/10000)

Epoch: 162
Loss: 0.017 | Acc: 99.512% (49756/50000)
Loss: 0.263 | Acc: 93.770% (9377/10000)

Epoch: 163
Loss: 0.010 | Acc: 99.736% (49868/50000)
Loss: 0.242 | Acc: 94.440% (9444/10000)
Saving..

Epoch: 164
Loss: 0.011 | Acc: 99.700% (49850/50000)
Loss: 0.255 | Acc: 94.070% (9407/10000)

Epoch: 165
Loss: 0.010 | Acc: 99.722% (49861/50000)
Loss: 0.228 | Acc: 94.640% (9464/10000)
Saving..

Epoch: 166
Loss: 0.008 | Acc: 99.822% (49911/50000)
Loss: 0.220 | Acc: 94.690% (9469/10000)
Saving..

Epoch: 167
Loss: 0.008 | Acc: 99.820% (49910/50000)
Loss: 0.234 | Acc: 94.390% (9439/10000)

Epoch: 168
Loss: 0.005 | Acc: 99.888% (49944/50000)
Loss: 0.219 | Acc: 95.060% (9506/10000)
Saving..

Epoch: 169
Loss: 0.005 | Acc: 99.894% (49947/50000)
Loss: 0.220 | Acc: 94.910% (9491/10000)

Epoch: 170
Loss: 0.003 | Acc: 99.958% (49979/50000)
Loss: 0.205 | Acc: 95.060% (9506/10000)

Epoch: 171
Loss: 0.003 | Acc: 99.956% (49978/50000)
Loss: 0.207 | Acc: 95.060% (9506/10000)

Epoch: 172
Loss: 0.003 | Acc: 99.952% (49976/50000)
Loss: 0.210 | Acc: 95.160% (9516/10000)
Saving..

Epoch: 173
Loss: 0.002 | Acc: 99.976% (49988/50000)
Loss: 0.204 | Acc: 95.120% (9512/10000)

Epoch: 174
Loss: 0.002 | Acc: 99.984% (49992/50000)
Loss: 0.202 | Acc: 95.460% (9546/10000)
Saving..

Epoch: 175
Loss: 0.002 | Acc: 99.976% (49988/50000)
Loss: 0.205 | Acc: 95.440% (9544/10000)

Epoch: 176
Loss: 0.002 | Acc: 99.982% (49991/50000)
Loss: 0.198 | Acc: 95.260% (9526/10000)

Epoch: 177
Loss: 0.002 | Acc: 99.986% (49993/50000)
Loss: 0.198 | Acc: 95.280% (9528/10000)

Epoch: 178
Loss: 0.002 | Acc: 99.990% (49995/50000)
Loss: 0.191 | Acc: 95.470% (9547/10000)
Saving..

Epoch: 179
Loss: 0.002 | Acc: 99.998% (49999/50000)
Loss: 0.194 | Acc: 95.340% (9534/10000)

Epoch: 180
Loss: 0.002 | Acc: 99.996% (49998/50000)
Loss: 0.191 | Acc: 95.430% (9543/10000)

Epoch: 181
Loss: 0.002 | Acc: 99.992% (49996/50000)
Loss: 0.190 | Acc: 95.560% (9556/10000)
Saving..

Epoch: 182
Loss: 0.002 | Acc: 99.996% (49998/50000)
Loss: 0.189 | Acc: 95.490% (9549/10000)

Epoch: 183
Loss: 0.002 | Acc: 99.990% (49995/50000)
Loss: 0.187 | Acc: 95.500% (9550/10000)

Epoch: 184
Loss: 0.002 | Acc: 99.994% (49997/50000)
Loss: 0.188 | Acc: 95.530% (9553/10000)

Epoch: 185
Loss: 0.002 | Acc: 99.994% (49997/50000)
Loss: 0.190 | Acc: 95.390% (9539/10000)

Epoch: 186
Loss: 0.002 | Acc: 99.994% (49997/50000)
Loss: 0.188 | Acc: 95.440% (9544/10000)

Epoch: 187
Loss: 0.001 | Acc: 100.000% (50000/50000)
Loss: 0.189 | Acc: 95.460% (9546/10000)

Epoch: 188
Loss: 0.001 | Acc: 99.998% (49999/50000)
Loss: 0.187 | Acc: 95.480% (9548/10000)

Epoch: 189
Loss: 0.001 | Acc: 99.994% (49997/50000)
Loss: 0.186 | Acc: 95.540% (9554/10000)

Epoch: 190
Loss: 0.001 | Acc: 99.996% (49998/50000)
Loss: 0.186 | Acc: 95.490% (9549/10000)

Epoch: 191
Loss: 0.001 | Acc: 100.000% (50000/50000)
Loss: 0.184 | Acc: 95.560% (9556/10000)

Epoch: 192
Loss: 0.001 | Acc: 99.992% (49996/50000)
Loss: 0.185 | Acc: 95.580% (9558/10000)
Saving..

Epoch: 193
Loss: 0.002 | Acc: 99.994% (49997/50000)
Loss: 0.185 | Acc: 95.570% (9557/10000)

Epoch: 194
Loss: 0.001 | Acc: 99.998% (49999/50000)
Loss: 0.185 | Acc: 95.510% (9551/10000)

Epoch: 195
Loss: 0.001 | Acc: 99.998% (49999/50000)
Loss: 0.185 | Acc: 95.530% (9553/10000)

Epoch: 196
Loss: 0.001 | Acc: 100.000% (50000/50000)
Loss: 0.184 | Acc: 95.560% (9556/10000)

Epoch: 197
Loss: 0.001 | Acc: 99.998% (49999/50000)
Loss: 0.184 | Acc: 95.530% (9553/10000)

Epoch: 198
Loss: 0.001 | Acc: 99.998% (49999/50000)
Loss: 0.186 | Acc: 95.550% (9555/10000)

Epoch: 199
Loss: 0.001 | Acc: 99.996% (49998/50000)
Loss: 0.184 | Acc: 95.570% (9557/10000)
Traceback (most recent call last):
  File "/scratch/js11718/deep-miniproject/best_model.py", line 137, in <module>
    test(epoch)
  File "/scratch/js11718/deep-miniproject/best_model.py", line 73, in test
    torch.save(state, './checkpoint/final_best.pth')
               ^^^^^
UnboundLocalError: cannot access local variable 'state' where it is not associated with a value
