==> Preparing data..
Files already downloaded and verified
Files already downloaded and verified
==> Building model..
----------------------------------------------------------------
        Layer (type)               Output Shape         Param #
================================================================
            Conv2d-1           [-1, 64, 32, 32]           1,728
       BatchNorm2d-2           [-1, 64, 32, 32]             128
            Conv2d-3           [-1, 64, 32, 32]          36,864
       BatchNorm2d-4           [-1, 64, 32, 32]             128
            Conv2d-5           [-1, 64, 32, 32]          36,864
       BatchNorm2d-6           [-1, 64, 32, 32]             128
ModifiedBasicBlock-7           [-1, 64, 32, 32]               0
            Conv2d-8           [-1, 64, 32, 32]          36,864
       BatchNorm2d-9           [-1, 64, 32, 32]             128
           Conv2d-10           [-1, 64, 32, 32]          36,864
      BatchNorm2d-11           [-1, 64, 32, 32]             128
ModifiedBasicBlock-12           [-1, 64, 32, 32]               0
           Conv2d-13           [-1, 64, 32, 32]          36,864
      BatchNorm2d-14           [-1, 64, 32, 32]             128
           Conv2d-15           [-1, 64, 32, 32]          36,864
      BatchNorm2d-16           [-1, 64, 32, 32]             128
ModifiedBasicBlock-17           [-1, 64, 32, 32]               0
           Conv2d-18           [-1, 64, 32, 32]          36,864
      BatchNorm2d-19           [-1, 64, 32, 32]             128
           Conv2d-20           [-1, 64, 32, 32]          36,864
      BatchNorm2d-21           [-1, 64, 32, 32]             128
ModifiedBasicBlock-22           [-1, 64, 32, 32]               0
           Conv2d-23          [-1, 128, 16, 16]          73,728
      BatchNorm2d-24          [-1, 128, 16, 16]             256
           Conv2d-25          [-1, 128, 16, 16]         147,456
      BatchNorm2d-26          [-1, 128, 16, 16]             256
           Conv2d-27          [-1, 128, 16, 16]           8,192
      BatchNorm2d-28          [-1, 128, 16, 16]             256
ModifiedBasicBlock-29          [-1, 128, 16, 16]               0
           Conv2d-30          [-1, 128, 16, 16]         147,456
      BatchNorm2d-31          [-1, 128, 16, 16]             256
           Conv2d-32          [-1, 128, 16, 16]         147,456
      BatchNorm2d-33          [-1, 128, 16, 16]             256
ModifiedBasicBlock-34          [-1, 128, 16, 16]               0
           Conv2d-35          [-1, 128, 16, 16]         147,456
      BatchNorm2d-36          [-1, 128, 16, 16]             256
           Conv2d-37          [-1, 128, 16, 16]         147,456
      BatchNorm2d-38          [-1, 128, 16, 16]             256
ModifiedBasicBlock-39          [-1, 128, 16, 16]               0
           Conv2d-40          [-1, 128, 16, 16]         147,456
      BatchNorm2d-41          [-1, 128, 16, 16]             256
           Conv2d-42          [-1, 128, 16, 16]         147,456
      BatchNorm2d-43          [-1, 128, 16, 16]             256
ModifiedBasicBlock-44          [-1, 128, 16, 16]               0
           Conv2d-45            [-1, 256, 8, 8]         294,912
      BatchNorm2d-46            [-1, 256, 8, 8]             512
           Conv2d-47            [-1, 256, 8, 8]         589,824
      BatchNorm2d-48            [-1, 256, 8, 8]             512
           Conv2d-49            [-1, 256, 8, 8]          32,768
      BatchNorm2d-50            [-1, 256, 8, 8]             512
ModifiedBasicBlock-51            [-1, 256, 8, 8]               0
           Conv2d-52            [-1, 256, 8, 8]         589,824
      BatchNorm2d-53            [-1, 256, 8, 8]             512
           Conv2d-54            [-1, 256, 8, 8]         589,824
      BatchNorm2d-55            [-1, 256, 8, 8]             512
ModifiedBasicBlock-56            [-1, 256, 8, 8]               0
           Conv2d-57            [-1, 256, 8, 8]         589,824
      BatchNorm2d-58            [-1, 256, 8, 8]             512
           Conv2d-59            [-1, 256, 8, 8]         589,824
      BatchNorm2d-60            [-1, 256, 8, 8]             512
ModifiedBasicBlock-61            [-1, 256, 8, 8]               0
AdaptiveAvgPool2d-62            [-1, 256, 1, 1]               0
          Dropout-63                  [-1, 256]               0
           Linear-64                   [-1, 10]           2,570
    DropoutResNet-65                   [-1, 10]               0
================================================================
Total params: 4,697,162
Trainable params: 4,697,162
Non-trainable params: 0
----------------------------------------------------------------
Input size (MB): 0.01
Forward/backward pass size (MB): 18.63
Params size (MB): 17.92
Estimated Total Size (MB): 36.56
----------------------------------------------------------------

Epoch: 0
Loss: 1.906 | Acc: 30.430% (15215/50000)
Loss: 1.991 | Acc: 32.250% (3225/10000)
Saving..

Epoch: 1
Loss: 1.420 | Acc: 48.054% (24027/50000)
Loss: 2.216 | Acc: 33.610% (3361/10000)
Saving..

Epoch: 2
Loss: 1.134 | Acc: 59.324% (29662/50000)
Loss: 1.056 | Acc: 62.050% (6205/10000)
Saving..

Epoch: 3
Loss: 0.956 | Acc: 66.208% (33104/50000)
Loss: 1.621 | Acc: 53.010% (5301/10000)

Epoch: 4
Loss: 0.814 | Acc: 71.744% (35872/50000)
Loss: 0.854 | Acc: 70.860% (7086/10000)
Saving..

Epoch: 5
Loss: 0.695 | Acc: 76.216% (38108/50000)
Loss: 0.770 | Acc: 73.220% (7322/10000)
Saving..

Epoch: 6
Loss: 0.624 | Acc: 78.916% (39458/50000)
Loss: 1.005 | Acc: 69.290% (6929/10000)

Epoch: 7
Loss: 0.580 | Acc: 80.168% (40084/50000)
Loss: 0.867 | Acc: 73.100% (7310/10000)

Epoch: 8
Loss: 0.554 | Acc: 81.254% (40627/50000)
Loss: 0.644 | Acc: 79.100% (7910/10000)
Saving..

Epoch: 9
Loss: 0.518 | Acc: 82.488% (41244/50000)
Loss: 0.779 | Acc: 74.230% (7423/10000)

Epoch: 10
Loss: 0.501 | Acc: 83.208% (41604/50000)
Loss: 0.849 | Acc: 74.310% (7431/10000)

Epoch: 11
Loss: 0.486 | Acc: 83.478% (41739/50000)
Loss: 0.615 | Acc: 79.410% (7941/10000)
Saving..

Epoch: 12
Loss: 0.467 | Acc: 84.076% (42038/50000)
Loss: 0.646 | Acc: 78.110% (7811/10000)

Epoch: 13
Loss: 0.454 | Acc: 84.752% (42376/50000)
Loss: 0.960 | Acc: 71.230% (7123/10000)

Epoch: 14
Loss: 0.441 | Acc: 85.312% (42656/50000)
Loss: 0.675 | Acc: 77.540% (7754/10000)

Epoch: 15
Loss: 0.429 | Acc: 85.590% (42795/50000)
Loss: 0.688 | Acc: 77.510% (7751/10000)

Epoch: 16
Loss: 0.429 | Acc: 85.486% (42743/50000)
Loss: 0.545 | Acc: 81.890% (8189/10000)
Saving..

Epoch: 17
Loss: 0.419 | Acc: 85.946% (42973/50000)
Loss: 0.557 | Acc: 81.340% (8134/10000)

Epoch: 18
Loss: 0.404 | Acc: 86.352% (43176/50000)
Loss: 0.754 | Acc: 76.870% (7687/10000)

Epoch: 19
Loss: 0.396 | Acc: 86.560% (43280/50000)
Loss: 0.645 | Acc: 79.040% (7904/10000)

Epoch: 20
Loss: 0.390 | Acc: 86.826% (43413/50000)
Loss: 0.691 | Acc: 78.440% (7844/10000)

Epoch: 21
Loss: 0.383 | Acc: 87.050% (43525/50000)
Loss: 0.478 | Acc: 84.390% (8439/10000)
Saving..

Epoch: 22
Loss: 0.382 | Acc: 87.132% (43566/50000)
Loss: 0.701 | Acc: 78.210% (7821/10000)

Epoch: 23
Loss: 0.371 | Acc: 87.398% (43699/50000)
Loss: 0.595 | Acc: 80.840% (8084/10000)

Epoch: 24
Loss: 0.371 | Acc: 87.524% (43762/50000)
Loss: 0.771 | Acc: 77.520% (7752/10000)

Epoch: 25
Loss: 0.366 | Acc: 87.724% (43862/50000)
Loss: 0.393 | Acc: 87.080% (8708/10000)
Saving..

Epoch: 26
Loss: 0.358 | Acc: 87.910% (43955/50000)
Loss: 0.517 | Acc: 83.260% (8326/10000)

Epoch: 27
Loss: 0.360 | Acc: 87.792% (43896/50000)
Loss: 0.636 | Acc: 80.560% (8056/10000)

Epoch: 28
Loss: 0.351 | Acc: 88.224% (44112/50000)
Loss: 0.465 | Acc: 84.770% (8477/10000)

Epoch: 29
Loss: 0.348 | Acc: 88.184% (44092/50000)
Loss: 0.579 | Acc: 81.340% (8134/10000)

Epoch: 30
Loss: 0.346 | Acc: 88.340% (44170/50000)
Loss: 0.457 | Acc: 84.990% (8499/10000)

Epoch: 31
Loss: 0.344 | Acc: 88.418% (44209/50000)
Loss: 0.583 | Acc: 80.810% (8081/10000)

Epoch: 32
Loss: 0.341 | Acc: 88.564% (44282/50000)
Loss: 0.502 | Acc: 83.470% (8347/10000)

Epoch: 33
Loss: 0.336 | Acc: 88.726% (44363/50000)
Loss: 0.474 | Acc: 84.900% (8490/10000)

Epoch: 34
Loss: 0.335 | Acc: 88.854% (44427/50000)
Loss: 0.522 | Acc: 83.110% (8311/10000)

Epoch: 35
Loss: 0.329 | Acc: 88.996% (44498/50000)
Loss: 0.529 | Acc: 82.870% (8287/10000)

Epoch: 36
Loss: 0.329 | Acc: 88.786% (44393/50000)
Loss: 0.672 | Acc: 78.650% (7865/10000)

Epoch: 37
Loss: 0.327 | Acc: 88.978% (44489/50000)
Loss: 0.489 | Acc: 84.070% (8407/10000)

Epoch: 38
Loss: 0.316 | Acc: 89.378% (44689/50000)
Loss: 0.559 | Acc: 81.420% (8142/10000)

Epoch: 39
Loss: 0.316 | Acc: 89.466% (44733/50000)
Loss: 0.493 | Acc: 83.650% (8365/10000)

Epoch: 40
Loss: 0.320 | Acc: 89.174% (44587/50000)
Loss: 0.528 | Acc: 82.950% (8295/10000)

Epoch: 41
Loss: 0.317 | Acc: 89.350% (44675/50000)
Loss: 0.473 | Acc: 84.160% (8416/10000)

Epoch: 42
Loss: 0.314 | Acc: 89.356% (44678/50000)
Loss: 0.636 | Acc: 79.810% (7981/10000)

Epoch: 43
Loss: 0.305 | Acc: 89.700% (44850/50000)
Loss: 0.678 | Acc: 79.640% (7964/10000)

Epoch: 44
Loss: 0.306 | Acc: 89.524% (44762/50000)
Loss: 0.576 | Acc: 81.650% (8165/10000)

Epoch: 45
Loss: 0.300 | Acc: 89.916% (44958/50000)
Loss: 0.967 | Acc: 73.770% (7377/10000)

Epoch: 46
Loss: 0.298 | Acc: 89.926% (44963/50000)
Loss: 0.455 | Acc: 85.600% (8560/10000)

Epoch: 47
Loss: 0.308 | Acc: 89.610% (44805/50000)
Loss: 0.416 | Acc: 86.210% (8621/10000)

Epoch: 48
Loss: 0.293 | Acc: 90.136% (45068/50000)
Loss: 0.465 | Acc: 84.960% (8496/10000)

Epoch: 49
Loss: 0.296 | Acc: 90.066% (45033/50000)
Loss: 0.472 | Acc: 85.000% (8500/10000)

Epoch: 50
Loss: 0.293 | Acc: 90.156% (45078/50000)
Loss: 0.522 | Acc: 83.760% (8376/10000)

Epoch: 51
Loss: 0.296 | Acc: 90.106% (45053/50000)
Loss: 0.550 | Acc: 82.710% (8271/10000)

Epoch: 52
Loss: 0.286 | Acc: 90.446% (45223/50000)
Loss: 0.419 | Acc: 86.380% (8638/10000)

Epoch: 53
Loss: 0.295 | Acc: 89.982% (44991/50000)
Loss: 0.448 | Acc: 85.350% (8535/10000)

Epoch: 54
Loss: 0.289 | Acc: 90.182% (45091/50000)
Loss: 0.450 | Acc: 85.210% (8521/10000)

Epoch: 55
Loss: 0.281 | Acc: 90.622% (45311/50000)
Loss: 0.829 | Acc: 76.810% (7681/10000)

Epoch: 56
Loss: 0.282 | Acc: 90.526% (45263/50000)
Loss: 0.517 | Acc: 83.480% (8348/10000)

Epoch: 57
Loss: 0.278 | Acc: 90.584% (45292/50000)
Loss: 0.424 | Acc: 86.300% (8630/10000)

Epoch: 58
Loss: 0.281 | Acc: 90.576% (45288/50000)
Loss: 0.656 | Acc: 79.470% (7947/10000)

Epoch: 59
Loss: 0.283 | Acc: 90.488% (45244/50000)
Loss: 0.571 | Acc: 82.000% (8200/10000)

Epoch: 60
Loss: 0.274 | Acc: 90.678% (45339/50000)
Loss: 0.463 | Acc: 84.390% (8439/10000)

Epoch: 61
Loss: 0.272 | Acc: 90.920% (45460/50000)
Loss: 0.407 | Acc: 86.510% (8651/10000)

Epoch: 62
Loss: 0.270 | Acc: 90.894% (45447/50000)
Loss: 0.412 | Acc: 86.640% (8664/10000)

Epoch: 63
Loss: 0.268 | Acc: 90.896% (45448/50000)
Loss: 0.389 | Acc: 87.270% (8727/10000)
Saving..

Epoch: 64
Loss: 0.258 | Acc: 91.278% (45639/50000)
Loss: 0.495 | Acc: 84.360% (8436/10000)

Epoch: 65
Loss: 0.265 | Acc: 91.108% (45554/50000)
Loss: 0.542 | Acc: 82.520% (8252/10000)

Epoch: 66
Loss: 0.264 | Acc: 91.150% (45575/50000)
Loss: 0.804 | Acc: 77.270% (7727/10000)

Epoch: 67
Loss: 0.256 | Acc: 91.372% (45686/50000)
Loss: 0.506 | Acc: 84.210% (8421/10000)

Epoch: 68
Loss: 0.257 | Acc: 91.394% (45697/50000)
Loss: 0.435 | Acc: 85.930% (8593/10000)

Epoch: 69
Loss: 0.251 | Acc: 91.528% (45764/50000)
Loss: 0.370 | Acc: 87.830% (8783/10000)
Saving..

Epoch: 70
Loss: 0.255 | Acc: 91.300% (45650/50000)
Loss: 0.354 | Acc: 88.600% (8860/10000)
Saving..

Epoch: 71
Loss: 0.248 | Acc: 91.614% (45807/50000)
Loss: 0.516 | Acc: 83.350% (8335/10000)

Epoch: 72
Loss: 0.248 | Acc: 91.752% (45876/50000)
Loss: 0.601 | Acc: 82.270% (8227/10000)

Epoch: 73
Loss: 0.245 | Acc: 91.744% (45872/50000)
Loss: 0.404 | Acc: 86.600% (8660/10000)

Epoch: 74
Loss: 0.235 | Acc: 92.130% (46065/50000)
Loss: 0.434 | Acc: 85.880% (8588/10000)

Epoch: 75
Loss: 0.240 | Acc: 91.914% (45957/50000)
Loss: 0.440 | Acc: 85.820% (8582/10000)

Epoch: 76
Loss: 0.242 | Acc: 91.878% (45939/50000)
Loss: 0.352 | Acc: 88.670% (8867/10000)
Saving..

Epoch: 77
Loss: 0.233 | Acc: 92.120% (46060/50000)
Loss: 0.693 | Acc: 80.240% (8024/10000)

Epoch: 78
Loss: 0.233 | Acc: 92.178% (46089/50000)
Loss: 0.395 | Acc: 87.330% (8733/10000)

Epoch: 79
Loss: 0.226 | Acc: 92.336% (46168/50000)
Loss: 0.374 | Acc: 87.800% (8780/10000)

Epoch: 80
Loss: 0.230 | Acc: 92.340% (46170/50000)
Loss: 0.460 | Acc: 84.800% (8480/10000)

Epoch: 81
Loss: 0.231 | Acc: 92.160% (46080/50000)
Loss: 0.507 | Acc: 83.940% (8394/10000)

Epoch: 82
Loss: 0.223 | Acc: 92.574% (46287/50000)
Loss: 0.451 | Acc: 85.480% (8548/10000)

Epoch: 83
Loss: 0.218 | Acc: 92.728% (46364/50000)
Loss: 0.422 | Acc: 86.660% (8666/10000)

Epoch: 84
Loss: 0.220 | Acc: 92.570% (46285/50000)
Loss: 0.348 | Acc: 88.300% (8830/10000)

Epoch: 85
Loss: 0.220 | Acc: 92.594% (46297/50000)
Loss: 0.408 | Acc: 87.160% (8716/10000)

Epoch: 86
Loss: 0.210 | Acc: 92.878% (46439/50000)
Loss: 0.410 | Acc: 87.340% (8734/10000)

Epoch: 87
Loss: 0.214 | Acc: 92.768% (46384/50000)
Loss: 0.406 | Acc: 87.330% (8733/10000)

Epoch: 88
Loss: 0.210 | Acc: 92.942% (46471/50000)
Loss: 0.390 | Acc: 87.470% (8747/10000)

Epoch: 89
Loss: 0.205 | Acc: 93.066% (46533/50000)
Loss: 0.334 | Acc: 89.160% (8916/10000)
Saving..

Epoch: 90
Loss: 0.203 | Acc: 93.078% (46539/50000)
Loss: 0.382 | Acc: 88.340% (8834/10000)

Epoch: 91
Loss: 0.204 | Acc: 93.060% (46530/50000)
Loss: 0.461 | Acc: 85.780% (8578/10000)

Epoch: 92
Loss: 0.202 | Acc: 93.246% (46623/50000)
Loss: 0.480 | Acc: 85.690% (8569/10000)

Epoch: 93
Loss: 0.203 | Acc: 93.208% (46604/50000)
Loss: 0.562 | Acc: 82.390% (8239/10000)

Epoch: 94
Loss: 0.196 | Acc: 93.464% (46732/50000)
Loss: 0.406 | Acc: 87.620% (8762/10000)

Epoch: 95
Loss: 0.192 | Acc: 93.586% (46793/50000)
Loss: 0.364 | Acc: 87.960% (8796/10000)

Epoch: 96
Loss: 0.183 | Acc: 93.864% (46932/50000)
Loss: 0.352 | Acc: 88.640% (8864/10000)

Epoch: 97
Loss: 0.187 | Acc: 93.756% (46878/50000)
Loss: 0.434 | Acc: 87.220% (8722/10000)

Epoch: 98
Loss: 0.185 | Acc: 93.760% (46880/50000)
Loss: 0.350 | Acc: 88.920% (8892/10000)

Epoch: 99
Loss: 0.185 | Acc: 93.708% (46854/50000)
Loss: 0.340 | Acc: 88.980% (8898/10000)

Epoch: 100
Loss: 0.179 | Acc: 94.002% (47001/50000)
Loss: 0.432 | Acc: 87.090% (8709/10000)

Epoch: 101
Loss: 0.179 | Acc: 94.022% (47011/50000)
Loss: 0.345 | Acc: 89.110% (8911/10000)

Epoch: 102
Loss: 0.169 | Acc: 94.352% (47176/50000)
Loss: 0.342 | Acc: 89.720% (8972/10000)
Saving..

Epoch: 103
Loss: 0.174 | Acc: 94.244% (47122/50000)
Loss: 0.477 | Acc: 85.730% (8573/10000)

Epoch: 104
Loss: 0.168 | Acc: 94.260% (47130/50000)
Loss: 0.356 | Acc: 88.670% (8867/10000)

Epoch: 105
Loss: 0.169 | Acc: 94.340% (47170/50000)
Loss: 0.325 | Acc: 89.560% (8956/10000)

Epoch: 106
Loss: 0.163 | Acc: 94.572% (47286/50000)
Loss: 0.539 | Acc: 83.740% (8374/10000)

Epoch: 107
Loss: 0.164 | Acc: 94.442% (47221/50000)
Loss: 0.399 | Acc: 87.890% (8789/10000)

Epoch: 108
Loss: 0.154 | Acc: 94.844% (47422/50000)
Loss: 0.352 | Acc: 88.980% (8898/10000)

Epoch: 109
Loss: 0.158 | Acc: 94.832% (47416/50000)
Loss: 0.310 | Acc: 90.440% (9044/10000)
Saving..

Epoch: 110
Loss: 0.154 | Acc: 94.784% (47392/50000)
Loss: 0.487 | Acc: 86.470% (8647/10000)

Epoch: 111
Loss: 0.148 | Acc: 95.024% (47512/50000)
Loss: 0.342 | Acc: 89.420% (8942/10000)

Epoch: 112
Loss: 0.148 | Acc: 95.022% (47511/50000)
Loss: 0.316 | Acc: 90.240% (9024/10000)

Epoch: 113
Loss: 0.143 | Acc: 95.332% (47666/50000)
Loss: 0.285 | Acc: 91.180% (9118/10000)
Saving..

Epoch: 114
Loss: 0.142 | Acc: 95.162% (47581/50000)
Loss: 0.327 | Acc: 89.580% (8958/10000)

Epoch: 115
Loss: 0.137 | Acc: 95.392% (47696/50000)
Loss: 0.453 | Acc: 87.190% (8719/10000)

Epoch: 116
Loss: 0.142 | Acc: 95.076% (47538/50000)
Loss: 0.350 | Acc: 89.270% (8927/10000)

Epoch: 117
Loss: 0.127 | Acc: 95.788% (47894/50000)
Loss: 0.317 | Acc: 90.400% (9040/10000)

Epoch: 118
Loss: 0.136 | Acc: 95.456% (47728/50000)
Loss: 0.333 | Acc: 90.080% (9008/10000)

Epoch: 119
Loss: 0.119 | Acc: 96.004% (48002/50000)
Loss: 0.362 | Acc: 89.390% (8939/10000)

Epoch: 120
Loss: 0.126 | Acc: 95.824% (47912/50000)
Loss: 0.305 | Acc: 91.230% (9123/10000)
Saving..

Epoch: 121
Loss: 0.122 | Acc: 95.924% (47962/50000)
Loss: 0.412 | Acc: 87.780% (8778/10000)

Epoch: 122
Loss: 0.119 | Acc: 95.948% (47974/50000)
Loss: 0.338 | Acc: 90.090% (9009/10000)

Epoch: 123
Loss: 0.118 | Acc: 96.020% (48010/50000)
Loss: 0.351 | Acc: 88.830% (8883/10000)

Epoch: 124
Loss: 0.115 | Acc: 96.246% (48123/50000)
Loss: 0.281 | Acc: 91.610% (9161/10000)
Saving..

Epoch: 125
Loss: 0.101 | Acc: 96.654% (48327/50000)
Loss: 0.318 | Acc: 90.480% (9048/10000)

Epoch: 126
Loss: 0.111 | Acc: 96.252% (48126/50000)
Loss: 0.310 | Acc: 90.200% (9020/10000)

Epoch: 127
Loss: 0.105 | Acc: 96.532% (48266/50000)
Loss: 0.457 | Acc: 87.240% (8724/10000)

Epoch: 128
Loss: 0.098 | Acc: 96.768% (48384/50000)
Loss: 0.381 | Acc: 89.080% (8908/10000)

Epoch: 129
Loss: 0.102 | Acc: 96.662% (48331/50000)
Loss: 0.307 | Acc: 90.930% (9093/10000)

Epoch: 130
Loss: 0.099 | Acc: 96.646% (48323/50000)
Loss: 0.299 | Acc: 91.290% (9129/10000)

Epoch: 131
Loss: 0.090 | Acc: 97.024% (48512/50000)
Loss: 0.375 | Acc: 89.390% (8939/10000)

Epoch: 132
Loss: 0.088 | Acc: 97.154% (48577/50000)
Loss: 0.308 | Acc: 91.130% (9113/10000)

Epoch: 133
Loss: 0.084 | Acc: 97.396% (48698/50000)
Loss: 0.302 | Acc: 91.110% (9111/10000)

Epoch: 134
Loss: 0.084 | Acc: 97.208% (48604/50000)
Loss: 0.280 | Acc: 91.830% (9183/10000)
Saving..

Epoch: 135
Loss: 0.078 | Acc: 97.454% (48727/50000)
Loss: 0.308 | Acc: 90.790% (9079/10000)

Epoch: 136
Loss: 0.081 | Acc: 97.384% (48692/50000)
Loss: 0.386 | Acc: 88.880% (8888/10000)

Epoch: 137
Loss: 0.080 | Acc: 97.456% (48728/50000)
Loss: 0.290 | Acc: 91.740% (9174/10000)

Epoch: 138
Loss: 0.074 | Acc: 97.626% (48813/50000)
Loss: 0.281 | Acc: 91.730% (9173/10000)

Epoch: 139
Loss: 0.068 | Acc: 97.892% (48946/50000)
Loss: 0.253 | Acc: 92.510% (9251/10000)
Saving..

Epoch: 140
Loss: 0.063 | Acc: 97.928% (48964/50000)
Loss: 0.280 | Acc: 91.720% (9172/10000)

Epoch: 141
Loss: 0.063 | Acc: 97.992% (48996/50000)
Loss: 0.270 | Acc: 92.580% (9258/10000)
Saving..

Epoch: 142
Loss: 0.057 | Acc: 98.194% (49097/50000)
Loss: 0.275 | Acc: 92.250% (9225/10000)

Epoch: 143
Loss: 0.063 | Acc: 97.986% (48993/50000)
Loss: 0.312 | Acc: 91.730% (9173/10000)

Epoch: 144
Loss: 0.055 | Acc: 98.300% (49150/50000)
Loss: 0.254 | Acc: 93.060% (9306/10000)
Saving..

Epoch: 145
Loss: 0.054 | Acc: 98.260% (49130/50000)
Loss: 0.240 | Acc: 93.230% (9323/10000)
Saving..

Epoch: 146
Loss: 0.052 | Acc: 98.302% (49151/50000)
Loss: 0.273 | Acc: 92.370% (9237/10000)

Epoch: 147
Loss: 0.042 | Acc: 98.714% (49357/50000)
Loss: 0.254 | Acc: 92.830% (9283/10000)

Epoch: 148
Loss: 0.040 | Acc: 98.768% (49384/50000)
Loss: 0.295 | Acc: 92.340% (9234/10000)

Epoch: 149
Loss: 0.038 | Acc: 98.884% (49442/50000)
Loss: 0.262 | Acc: 92.950% (9295/10000)

Epoch: 150
Loss: 0.042 | Acc: 98.686% (49343/50000)
Loss: 0.243 | Acc: 93.240% (9324/10000)
Saving..

Epoch: 151
Loss: 0.035 | Acc: 98.924% (49462/50000)
Loss: 0.309 | Acc: 92.050% (9205/10000)

Epoch: 152
Loss: 0.037 | Acc: 98.888% (49444/50000)
Loss: 0.252 | Acc: 93.180% (9318/10000)

Epoch: 153
Loss: 0.030 | Acc: 99.110% (49555/50000)
Loss: 0.227 | Acc: 93.930% (9393/10000)
Saving..

Epoch: 154
Loss: 0.028 | Acc: 99.180% (49590/50000)
Loss: 0.266 | Acc: 92.780% (9278/10000)

Epoch: 155
Loss: 0.030 | Acc: 99.122% (49561/50000)
Loss: 0.252 | Acc: 93.260% (9326/10000)

Epoch: 156
Loss: 0.027 | Acc: 99.176% (49588/50000)
Loss: 0.275 | Acc: 92.730% (9273/10000)

Epoch: 157
Loss: 0.023 | Acc: 99.378% (49689/50000)
Loss: 0.213 | Acc: 94.350% (9435/10000)
Saving..

Epoch: 158
Loss: 0.019 | Acc: 99.486% (49743/50000)
Loss: 0.242 | Acc: 94.000% (9400/10000)

Epoch: 159
Loss: 0.016 | Acc: 99.614% (49807/50000)
Loss: 0.197 | Acc: 94.830% (9483/10000)
Saving..

Epoch: 160
Loss: 0.014 | Acc: 99.644% (49822/50000)
Loss: 0.217 | Acc: 94.390% (9439/10000)

Epoch: 161
Loss: 0.013 | Acc: 99.678% (49839/50000)
Loss: 0.203 | Acc: 94.760% (9476/10000)

Epoch: 162
Loss: 0.011 | Acc: 99.752% (49876/50000)
Loss: 0.191 | Acc: 94.950% (9495/10000)
Saving..

Epoch: 163
Loss: 0.009 | Acc: 99.794% (49897/50000)
Loss: 0.208 | Acc: 94.630% (9463/10000)

Epoch: 164
Loss: 0.007 | Acc: 99.868% (49934/50000)
Loss: 0.178 | Acc: 95.330% (9533/10000)
Saving..

Epoch: 165
Loss: 0.006 | Acc: 99.896% (49948/50000)
Loss: 0.181 | Acc: 95.230% (9523/10000)

Epoch: 166
Loss: 0.006 | Acc: 99.894% (49947/50000)
Loss: 0.182 | Acc: 95.230% (9523/10000)

Epoch: 167
Loss: 0.005 | Acc: 99.918% (49959/50000)
Loss: 0.184 | Acc: 95.270% (9527/10000)

Epoch: 168
Loss: 0.005 | Acc: 99.922% (49961/50000)
Loss: 0.173 | Acc: 95.410% (9541/10000)
Saving..

Epoch: 169
Loss: 0.004 | Acc: 99.952% (49976/50000)
Loss: 0.173 | Acc: 95.440% (9544/10000)
Saving..

Epoch: 170
Loss: 0.003 | Acc: 99.966% (49983/50000)
Loss: 0.171 | Acc: 95.480% (9548/10000)
Saving..

Epoch: 171
Loss: 0.003 | Acc: 99.980% (49990/50000)
Loss: 0.170 | Acc: 95.630% (9563/10000)
Saving..

Epoch: 172
Loss: 0.003 | Acc: 99.984% (49992/50000)
Loss: 0.167 | Acc: 95.770% (9577/10000)
Saving..

Epoch: 173
Loss: 0.003 | Acc: 99.982% (49991/50000)
Loss: 0.164 | Acc: 95.780% (9578/10000)
Saving..

Epoch: 174
Loss: 0.003 | Acc: 99.988% (49994/50000)
Loss: 0.162 | Acc: 95.680% (9568/10000)

Epoch: 175
Loss: 0.003 | Acc: 99.980% (49990/50000)
Loss: 0.164 | Acc: 95.760% (9576/10000)

Epoch: 176
Loss: 0.002 | Acc: 99.994% (49997/50000)
Loss: 0.163 | Acc: 95.780% (9578/10000)

Epoch: 177
Loss: 0.002 | Acc: 99.998% (49999/50000)
Loss: 0.160 | Acc: 95.730% (9573/10000)

Epoch: 178
Loss: 0.002 | Acc: 99.990% (49995/50000)
Loss: 0.161 | Acc: 95.840% (9584/10000)
Saving..

Epoch: 179
Loss: 0.002 | Acc: 100.000% (50000/50000)
Loss: 0.160 | Acc: 95.830% (9583/10000)

Epoch: 180
Loss: 0.002 | Acc: 99.998% (49999/50000)
Loss: 0.159 | Acc: 95.850% (9585/10000)
Saving..

Epoch: 181
Loss: 0.002 | Acc: 99.998% (49999/50000)
Loss: 0.159 | Acc: 95.960% (9596/10000)
Saving..

Epoch: 182
Loss: 0.002 | Acc: 99.996% (49998/50000)
Loss: 0.157 | Acc: 95.900% (9590/10000)

Epoch: 183
Loss: 0.002 | Acc: 99.996% (49998/50000)
Loss: 0.159 | Acc: 95.990% (9599/10000)
Saving..

Epoch: 184
Loss: 0.002 | Acc: 99.990% (49995/50000)
Loss: 0.157 | Acc: 95.960% (9596/10000)

Epoch: 185
Loss: 0.002 | Acc: 99.994% (49997/50000)
Loss: 0.156 | Acc: 95.910% (9591/10000)

Epoch: 186
Loss: 0.002 | Acc: 99.998% (49999/50000)
Loss: 0.155 | Acc: 95.970% (9597/10000)

Epoch: 187
Loss: 0.002 | Acc: 99.998% (49999/50000)
Loss: 0.155 | Acc: 95.900% (9590/10000)

Epoch: 188
Loss: 0.002 | Acc: 100.000% (50000/50000)
Loss: 0.155 | Acc: 95.990% (9599/10000)

Epoch: 189
Loss: 0.002 | Acc: 100.000% (50000/50000)
Loss: 0.154 | Acc: 96.020% (9602/10000)
Saving..

Epoch: 190
Loss: 0.002 | Acc: 100.000% (50000/50000)
Loss: 0.155 | Acc: 96.010% (9601/10000)

Epoch: 191
Loss: 0.002 | Acc: 100.000% (50000/50000)
Loss: 0.155 | Acc: 95.910% (9591/10000)

Epoch: 192
Loss: 0.002 | Acc: 99.996% (49998/50000)
Loss: 0.155 | Acc: 96.040% (9604/10000)
Saving..

Epoch: 193
Loss: 0.002 | Acc: 99.996% (49998/50000)
Loss: 0.154 | Acc: 95.970% (9597/10000)

Epoch: 194
Loss: 0.002 | Acc: 99.994% (49997/50000)
Loss: 0.155 | Acc: 96.010% (9601/10000)

Epoch: 195
Loss: 0.002 | Acc: 99.998% (49999/50000)
Loss: 0.155 | Acc: 95.990% (9599/10000)

Epoch: 196
Loss: 0.002 | Acc: 99.996% (49998/50000)
Loss: 0.155 | Acc: 96.030% (9603/10000)

Epoch: 197
Loss: 0.002 | Acc: 99.996% (49998/50000)
Loss: 0.157 | Acc: 96.100% (9610/10000)
Saving..

Epoch: 198
Loss: 0.002 | Acc: 99.996% (49998/50000)
Loss: 0.155 | Acc: 96.020% (9602/10000)

Epoch: 199
Loss: 0.002 | Acc: 100.000% (50000/50000)
Loss: 0.155 | Acc: 96.010% (9601/10000)
