==> Preparing data..
Files already downloaded and verified
Files already downloaded and verified
TESTING pool(8,1)
==> Building model..
----------------------------------------------------------------
        Layer (type)               Output Shape         Param #
================================================================
            Conv2d-1           [-1, 64, 32, 32]           1,728
       BatchNorm2d-2           [-1, 64, 32, 32]             128
            Conv2d-3           [-1, 64, 32, 32]          36,864
       BatchNorm2d-4           [-1, 64, 32, 32]             128
            Conv2d-5           [-1, 64, 32, 32]          36,864
       BatchNorm2d-6           [-1, 64, 32, 32]             128
ModifiedBasicBlock-7           [-1, 64, 32, 32]               0
            Conv2d-8           [-1, 64, 32, 32]          36,864
       BatchNorm2d-9           [-1, 64, 32, 32]             128
           Conv2d-10           [-1, 64, 32, 32]          36,864
      BatchNorm2d-11           [-1, 64, 32, 32]             128
ModifiedBasicBlock-12           [-1, 64, 32, 32]               0
           Conv2d-13           [-1, 64, 32, 32]          36,864
      BatchNorm2d-14           [-1, 64, 32, 32]             128
           Conv2d-15           [-1, 64, 32, 32]          36,864
      BatchNorm2d-16           [-1, 64, 32, 32]             128
ModifiedBasicBlock-17           [-1, 64, 32, 32]               0
           Conv2d-18           [-1, 64, 32, 32]          36,864
      BatchNorm2d-19           [-1, 64, 32, 32]             128
           Conv2d-20           [-1, 64, 32, 32]          36,864
      BatchNorm2d-21           [-1, 64, 32, 32]             128
ModifiedBasicBlock-22           [-1, 64, 32, 32]               0
           Conv2d-23          [-1, 128, 16, 16]          73,728
      BatchNorm2d-24          [-1, 128, 16, 16]             256
           Conv2d-25          [-1, 128, 16, 16]         147,456
      BatchNorm2d-26          [-1, 128, 16, 16]             256
           Conv2d-27          [-1, 128, 16, 16]           8,192
      BatchNorm2d-28          [-1, 128, 16, 16]             256
ModifiedBasicBlock-29          [-1, 128, 16, 16]               0
           Conv2d-30          [-1, 128, 16, 16]         147,456
      BatchNorm2d-31          [-1, 128, 16, 16]             256
           Conv2d-32          [-1, 128, 16, 16]         147,456
      BatchNorm2d-33          [-1, 128, 16, 16]             256
ModifiedBasicBlock-34          [-1, 128, 16, 16]               0
           Conv2d-35          [-1, 128, 16, 16]         147,456
      BatchNorm2d-36          [-1, 128, 16, 16]             256
           Conv2d-37          [-1, 128, 16, 16]         147,456
      BatchNorm2d-38          [-1, 128, 16, 16]             256
ModifiedBasicBlock-39          [-1, 128, 16, 16]               0
           Conv2d-40          [-1, 128, 16, 16]         147,456
      BatchNorm2d-41          [-1, 128, 16, 16]             256
           Conv2d-42          [-1, 128, 16, 16]         147,456
      BatchNorm2d-43          [-1, 128, 16, 16]             256
ModifiedBasicBlock-44          [-1, 128, 16, 16]               0
           Conv2d-45            [-1, 256, 8, 8]         294,912
      BatchNorm2d-46            [-1, 256, 8, 8]             512
           Conv2d-47            [-1, 256, 8, 8]         589,824
      BatchNorm2d-48            [-1, 256, 8, 8]             512
           Conv2d-49            [-1, 256, 8, 8]          32,768
      BatchNorm2d-50            [-1, 256, 8, 8]             512
ModifiedBasicBlock-51            [-1, 256, 8, 8]               0
           Conv2d-52            [-1, 256, 8, 8]         589,824
      BatchNorm2d-53            [-1, 256, 8, 8]             512
           Conv2d-54            [-1, 256, 8, 8]         589,824
      BatchNorm2d-55            [-1, 256, 8, 8]             512
ModifiedBasicBlock-56            [-1, 256, 8, 8]               0
           Conv2d-57            [-1, 256, 8, 8]         589,824
      BatchNorm2d-58            [-1, 256, 8, 8]             512
           Conv2d-59            [-1, 256, 8, 8]         589,824
      BatchNorm2d-60            [-1, 256, 8, 8]             512
ModifiedBasicBlock-61            [-1, 256, 8, 8]               0
           Linear-62                   [-1, 10]           2,570
       PoolResNet-63                   [-1, 10]               0
================================================================
Total params: 4,697,162
Trainable params: 4,697,162
Non-trainable params: 0
----------------------------------------------------------------
Input size (MB): 0.01
Forward/backward pass size (MB): 18.63
Params size (MB): 17.92
Estimated Total Size (MB): 36.56
----------------------------------------------------------------

Epoch: 0
Loss: 2.044 | Acc: 26.520% (13260/50000)
Loss: 1.694 | Acc: 36.330% (3633/10000)
Saving..
BEST ACCURACY: 36.33 ON EPOCH 0

Epoch: 1
Loss: 1.503 | Acc: 43.958% (21979/50000)
Loss: 1.421 | Acc: 48.340% (4834/10000)
Saving..
BEST ACCURACY: 48.34 ON EPOCH 1

Epoch: 2
Loss: 1.247 | Acc: 54.530% (27265/50000)
Loss: 1.202 | Acc: 55.670% (5567/10000)
Saving..
BEST ACCURACY: 55.67 ON EPOCH 2

Epoch: 3
Loss: 1.041 | Acc: 62.810% (31405/50000)
Loss: 1.209 | Acc: 59.730% (5973/10000)
Saving..
BEST ACCURACY: 59.73 ON EPOCH 3

Epoch: 4
Loss: 0.924 | Acc: 67.360% (33680/50000)
Loss: 0.863 | Acc: 69.840% (6984/10000)
Saving..
BEST ACCURACY: 69.84 ON EPOCH 4

Epoch: 5
Loss: 0.801 | Acc: 71.750% (35875/50000)
Loss: 0.817 | Acc: 71.880% (7188/10000)
Saving..
BEST ACCURACY: 71.88 ON EPOCH 5

Epoch: 6
Loss: 0.705 | Acc: 75.436% (37718/50000)
Loss: 0.768 | Acc: 74.440% (7444/10000)
Saving..
BEST ACCURACY: 74.44 ON EPOCH 6

Epoch: 7
Loss: 0.635 | Acc: 77.932% (38966/50000)
Loss: 0.830 | Acc: 70.180% (7018/10000)
Saving..

Epoch: 8
Loss: 0.577 | Acc: 80.160% (40080/50000)
Loss: 0.766 | Acc: 74.240% (7424/10000)
Saving..

Epoch: 9
Loss: 0.529 | Acc: 81.948% (40974/50000)
Loss: 0.591 | Acc: 79.530% (7953/10000)
Saving..
BEST ACCURACY: 79.53 ON EPOCH 9

Epoch: 10
Loss: 0.502 | Acc: 82.688% (41344/50000)
Loss: 0.660 | Acc: 77.710% (7771/10000)
Saving..

Epoch: 11
Loss: 0.474 | Acc: 83.754% (41877/50000)
Loss: 0.809 | Acc: 74.990% (7499/10000)
Saving..

Epoch: 12
Loss: 0.460 | Acc: 84.162% (42081/50000)
Loss: 0.583 | Acc: 80.430% (8043/10000)
Saving..
BEST ACCURACY: 80.43 ON EPOCH 12

Epoch: 13
Loss: 0.430 | Acc: 85.426% (42713/50000)
Loss: 0.582 | Acc: 80.240% (8024/10000)
Saving..

Epoch: 14
Loss: 0.422 | Acc: 85.466% (42733/50000)
Loss: 0.841 | Acc: 75.130% (7513/10000)
Saving..

Epoch: 15
Loss: 0.404 | Acc: 86.070% (43035/50000)
Loss: 0.495 | Acc: 82.730% (8273/10000)
Saving..
BEST ACCURACY: 82.73 ON EPOCH 15

Epoch: 16
Loss: 0.401 | Acc: 86.044% (43022/50000)
Loss: 0.623 | Acc: 79.150% (7915/10000)
Saving..

Epoch: 17
Loss: 0.391 | Acc: 86.626% (43313/50000)
Loss: 0.434 | Acc: 85.470% (8547/10000)
Saving..
BEST ACCURACY: 85.47 ON EPOCH 17

Epoch: 18
Loss: 0.376 | Acc: 87.218% (43609/50000)
Loss: 0.524 | Acc: 82.310% (8231/10000)
Saving..

Epoch: 19
Loss: 0.373 | Acc: 87.252% (43626/50000)
Loss: 0.544 | Acc: 81.640% (8164/10000)
Saving..

Epoch: 20
Loss: 0.364 | Acc: 87.566% (43783/50000)
Loss: 0.541 | Acc: 82.650% (8265/10000)
Saving..

Epoch: 21
Loss: 0.361 | Acc: 87.724% (43862/50000)
Loss: 0.518 | Acc: 82.230% (8223/10000)
Saving..

Epoch: 22
Loss: 0.355 | Acc: 87.756% (43878/50000)
Loss: 0.533 | Acc: 82.450% (8245/10000)
Saving..

Epoch: 23
Loss: 0.345 | Acc: 88.106% (44053/50000)
Loss: 0.558 | Acc: 80.900% (8090/10000)
Saving..

Epoch: 24
Loss: 0.337 | Acc: 88.524% (44262/50000)
Loss: 0.529 | Acc: 81.910% (8191/10000)
Saving..

Epoch: 25
Loss: 0.339 | Acc: 88.430% (44215/50000)
Loss: 0.571 | Acc: 82.000% (8200/10000)
Saving..

Epoch: 26
Loss: 0.333 | Acc: 88.530% (44265/50000)
Loss: 0.406 | Acc: 86.120% (8612/10000)
Saving..
BEST ACCURACY: 86.12 ON EPOCH 26

Epoch: 27
Loss: 0.332 | Acc: 88.666% (44333/50000)
Loss: 0.518 | Acc: 82.340% (8234/10000)
Saving..

Epoch: 28
Loss: 0.324 | Acc: 89.034% (44517/50000)
Loss: 0.478 | Acc: 84.670% (8467/10000)
Saving..

Epoch: 29
Loss: 0.324 | Acc: 88.912% (44456/50000)
Loss: 0.588 | Acc: 82.110% (8211/10000)
Saving..

Epoch: 30
Loss: 0.315 | Acc: 89.228% (44614/50000)
Loss: 0.518 | Acc: 83.100% (8310/10000)
Saving..

Epoch: 31
Loss: 0.312 | Acc: 89.258% (44629/50000)
Loss: 0.570 | Acc: 81.570% (8157/10000)
Saving..

Epoch: 32
Loss: 0.312 | Acc: 89.294% (44647/50000)
Loss: 0.454 | Acc: 85.250% (8525/10000)
Saving..

Epoch: 33
Loss: 0.308 | Acc: 89.360% (44680/50000)
Loss: 0.537 | Acc: 82.090% (8209/10000)
Saving..

Epoch: 34
Loss: 0.305 | Acc: 89.496% (44748/50000)
Loss: 0.420 | Acc: 86.060% (8606/10000)
Saving..

Epoch: 35
Loss: 0.310 | Acc: 89.432% (44716/50000)
Loss: 0.451 | Acc: 84.670% (8467/10000)
Saving..

Epoch: 36
Loss: 0.301 | Acc: 89.654% (44827/50000)
Loss: 0.539 | Acc: 83.340% (8334/10000)
Saving..

Epoch: 37
Loss: 0.294 | Acc: 89.890% (44945/50000)
Loss: 0.406 | Acc: 86.530% (8653/10000)
Saving..
BEST ACCURACY: 86.53 ON EPOCH 37

Epoch: 38
Loss: 0.296 | Acc: 89.782% (44891/50000)
Loss: 0.691 | Acc: 79.000% (7900/10000)
Saving..

Epoch: 39
Loss: 0.301 | Acc: 89.658% (44829/50000)
Loss: 0.582 | Acc: 81.940% (8194/10000)
Saving..

Epoch: 40
Loss: 0.290 | Acc: 90.048% (45024/50000)
Loss: 0.653 | Acc: 80.950% (8095/10000)
Saving..

Epoch: 41
Loss: 0.292 | Acc: 89.916% (44958/50000)
Loss: 0.468 | Acc: 85.160% (8516/10000)
Saving..

Epoch: 42
Loss: 0.291 | Acc: 90.036% (45018/50000)
Loss: 0.388 | Acc: 87.520% (8752/10000)
Saving..
BEST ACCURACY: 87.52 ON EPOCH 42

Epoch: 43
Loss: 0.284 | Acc: 90.320% (45160/50000)
Loss: 0.724 | Acc: 78.670% (7867/10000)
Saving..

Epoch: 44
Loss: 0.285 | Acc: 90.140% (45070/50000)
Loss: 0.409 | Acc: 86.760% (8676/10000)
Saving..

Epoch: 45
Loss: 0.283 | Acc: 90.278% (45139/50000)
Loss: 0.514 | Acc: 83.400% (8340/10000)
Saving..

Epoch: 46
Loss: 0.281 | Acc: 90.284% (45142/50000)
Loss: 0.767 | Acc: 77.460% (7746/10000)
Saving..

Epoch: 47
Loss: 0.275 | Acc: 90.522% (45261/50000)
Loss: 0.385 | Acc: 87.300% (8730/10000)
Saving..

Epoch: 48
Loss: 0.275 | Acc: 90.676% (45338/50000)
Loss: 0.520 | Acc: 83.260% (8326/10000)
Saving..

Epoch: 49
Loss: 0.276 | Acc: 90.588% (45294/50000)
Loss: 0.558 | Acc: 83.250% (8325/10000)
Saving..

Epoch: 50
Loss: 0.274 | Acc: 90.538% (45269/50000)
Loss: 0.552 | Acc: 82.080% (8208/10000)
Saving..

Epoch: 51
Loss: 0.268 | Acc: 90.714% (45357/50000)
Loss: 0.461 | Acc: 85.700% (8570/10000)
Saving..

Epoch: 52
Loss: 0.267 | Acc: 90.684% (45342/50000)
Loss: 0.408 | Acc: 86.590% (8659/10000)
Saving..

Epoch: 53
Loss: 0.270 | Acc: 90.706% (45353/50000)
Loss: 0.415 | Acc: 86.300% (8630/10000)
Saving..

Epoch: 54
Loss: 0.262 | Acc: 91.086% (45543/50000)
Loss: 0.440 | Acc: 85.450% (8545/10000)
Saving..

Epoch: 55
Loss: 0.261 | Acc: 91.094% (45547/50000)
Loss: 0.447 | Acc: 86.180% (8618/10000)
Saving..

Epoch: 56
Loss: 0.263 | Acc: 90.892% (45446/50000)
Loss: 0.464 | Acc: 85.020% (8502/10000)
Saving..

Epoch: 57
Loss: 0.256 | Acc: 91.124% (45562/50000)
Loss: 0.408 | Acc: 86.820% (8682/10000)
Saving..

Epoch: 58
Loss: 0.256 | Acc: 91.286% (45643/50000)
Loss: 0.415 | Acc: 86.350% (8635/10000)
Saving..

Epoch: 59
Loss: 0.250 | Acc: 91.398% (45699/50000)
Loss: 0.396 | Acc: 87.430% (8743/10000)
Saving..

Epoch: 60
Loss: 0.249 | Acc: 91.454% (45727/50000)
Loss: 0.478 | Acc: 84.600% (8460/10000)
Saving..

Epoch: 61
Loss: 0.251 | Acc: 91.476% (45738/50000)
Loss: 0.466 | Acc: 85.100% (8510/10000)
Saving..

Epoch: 62
Loss: 0.249 | Acc: 91.436% (45718/50000)
Loss: 0.530 | Acc: 83.200% (8320/10000)
Saving..

Epoch: 63
Loss: 0.248 | Acc: 91.554% (45777/50000)
Loss: 0.528 | Acc: 83.460% (8346/10000)
Saving..

Epoch: 64
Loss: 0.245 | Acc: 91.604% (45802/50000)
Loss: 0.402 | Acc: 87.240% (8724/10000)
Saving..

Epoch: 65
Loss: 0.243 | Acc: 91.718% (45859/50000)
Loss: 0.643 | Acc: 81.620% (8162/10000)
Saving..

Epoch: 66
Loss: 0.245 | Acc: 91.526% (45763/50000)
Loss: 0.431 | Acc: 85.470% (8547/10000)
Saving..

Epoch: 67
Loss: 0.232 | Acc: 92.014% (46007/50000)
Loss: 0.493 | Acc: 84.690% (8469/10000)
Saving..

Epoch: 68
Loss: 0.240 | Acc: 91.754% (45877/50000)
Loss: 0.450 | Acc: 85.310% (8531/10000)
Saving..

Epoch: 69
Loss: 0.234 | Acc: 92.020% (46010/50000)
Loss: 0.356 | Acc: 88.250% (8825/10000)
Saving..
BEST ACCURACY: 88.25 ON EPOCH 69

Epoch: 70
Loss: 0.233 | Acc: 91.878% (45939/50000)
Loss: 0.401 | Acc: 86.770% (8677/10000)
Saving..

Epoch: 71
Loss: 0.227 | Acc: 92.168% (46084/50000)
Loss: 0.438 | Acc: 85.950% (8595/10000)
Saving..

Epoch: 72
Loss: 0.227 | Acc: 92.198% (46099/50000)
Loss: 0.384 | Acc: 87.460% (8746/10000)
Saving..

Epoch: 73
Loss: 0.228 | Acc: 92.102% (46051/50000)
Loss: 0.519 | Acc: 83.710% (8371/10000)
Saving..

Epoch: 74
Loss: 0.219 | Acc: 92.530% (46265/50000)
Loss: 0.427 | Acc: 86.550% (8655/10000)
Saving..

Epoch: 75
Loss: 0.218 | Acc: 92.544% (46272/50000)
Loss: 0.336 | Acc: 89.100% (8910/10000)
Saving..
BEST ACCURACY: 89.1 ON EPOCH 75

Epoch: 76
Loss: 0.221 | Acc: 92.322% (46161/50000)
Loss: 0.387 | Acc: 87.190% (8719/10000)
Saving..

Epoch: 77
Loss: 0.219 | Acc: 92.370% (46185/50000)
Loss: 0.354 | Acc: 88.540% (8854/10000)
Saving..

Epoch: 78
Loss: 0.215 | Acc: 92.638% (46319/50000)
Loss: 0.515 | Acc: 84.430% (8443/10000)
Saving..

Epoch: 79
Loss: 0.208 | Acc: 92.912% (46456/50000)
Loss: 0.580 | Acc: 82.440% (8244/10000)
Saving..

Epoch: 80
Loss: 0.214 | Acc: 92.704% (46352/50000)
Loss: 0.392 | Acc: 87.230% (8723/10000)
Saving..

Epoch: 81
Loss: 0.210 | Acc: 92.734% (46367/50000)
Loss: 0.337 | Acc: 89.060% (8906/10000)
Saving..

Epoch: 82
Loss: 0.201 | Acc: 93.142% (46571/50000)
Loss: 0.384 | Acc: 87.600% (8760/10000)
Saving..

Epoch: 83
Loss: 0.202 | Acc: 93.054% (46527/50000)
Loss: 0.509 | Acc: 84.030% (8403/10000)
Saving..

Epoch: 84
Loss: 0.201 | Acc: 93.112% (46556/50000)
Loss: 0.432 | Acc: 86.470% (8647/10000)
Saving..

Epoch: 85
Loss: 0.200 | Acc: 93.074% (46537/50000)
Loss: 0.397 | Acc: 86.970% (8697/10000)
Saving..

Epoch: 86
Loss: 0.195 | Acc: 93.326% (46663/50000)
Loss: 0.339 | Acc: 89.330% (8933/10000)
Saving..
BEST ACCURACY: 89.33 ON EPOCH 86

Epoch: 87
Loss: 0.199 | Acc: 93.194% (46597/50000)
Loss: 0.400 | Acc: 87.330% (8733/10000)
Saving..

Epoch: 88
Loss: 0.194 | Acc: 93.344% (46672/50000)
Loss: 0.329 | Acc: 89.370% (8937/10000)
Saving..
BEST ACCURACY: 89.37 ON EPOCH 88

Epoch: 89
Loss: 0.188 | Acc: 93.552% (46776/50000)
Loss: 0.403 | Acc: 87.700% (8770/10000)
Saving..

Epoch: 90
Loss: 0.181 | Acc: 93.880% (46940/50000)
Loss: 0.399 | Acc: 87.550% (8755/10000)
Saving..

Epoch: 91
Loss: 0.183 | Acc: 93.734% (46867/50000)
Loss: 0.345 | Acc: 89.070% (8907/10000)
Saving..

Epoch: 92
Loss: 0.178 | Acc: 94.022% (47011/50000)
Loss: 0.346 | Acc: 88.270% (8827/10000)
Saving..

Epoch: 93
Loss: 0.180 | Acc: 93.830% (46915/50000)
Loss: 0.349 | Acc: 88.920% (8892/10000)
Saving..

Epoch: 94
Loss: 0.177 | Acc: 93.806% (46903/50000)
Loss: 0.423 | Acc: 87.110% (8711/10000)
Saving..

Epoch: 95
Loss: 0.174 | Acc: 94.002% (47001/50000)
Loss: 0.396 | Acc: 87.870% (8787/10000)
Saving..

Epoch: 96
Loss: 0.179 | Acc: 93.710% (46855/50000)
Loss: 0.355 | Acc: 88.400% (8840/10000)
Saving..

Epoch: 97
Loss: 0.167 | Acc: 94.270% (47135/50000)
Loss: 0.325 | Acc: 89.570% (8957/10000)
Saving..
BEST ACCURACY: 89.57 ON EPOCH 97

Epoch: 98
Loss: 0.165 | Acc: 94.524% (47262/50000)
Loss: 0.394 | Acc: 87.610% (8761/10000)
Saving..

Epoch: 99
Loss: 0.162 | Acc: 94.448% (47224/50000)
Loss: 0.442 | Acc: 86.750% (8675/10000)
Saving..

Epoch: 100
Loss: 0.164 | Acc: 94.334% (47167/50000)
Loss: 0.368 | Acc: 87.960% (8796/10000)
Saving..

Epoch: 101
Loss: 0.163 | Acc: 94.370% (47185/50000)
Loss: 0.352 | Acc: 89.030% (8903/10000)
Saving..

Epoch: 102
Loss: 0.155 | Acc: 94.648% (47324/50000)
Loss: 0.419 | Acc: 87.450% (8745/10000)
Saving..

Epoch: 103
Loss: 0.156 | Acc: 94.724% (47362/50000)
Loss: 0.340 | Acc: 89.590% (8959/10000)
Saving..
BEST ACCURACY: 89.59 ON EPOCH 103

Epoch: 104
Loss: 0.146 | Acc: 95.032% (47516/50000)
Loss: 0.381 | Acc: 88.520% (8852/10000)
Saving..

Epoch: 105
Loss: 0.158 | Acc: 94.486% (47243/50000)
Loss: 0.416 | Acc: 87.670% (8767/10000)
Saving..

Epoch: 106
Loss: 0.149 | Acc: 94.946% (47473/50000)
Loss: 0.423 | Acc: 86.880% (8688/10000)
Saving..

Epoch: 107
Loss: 0.144 | Acc: 95.028% (47514/50000)
Loss: 0.387 | Acc: 87.780% (8778/10000)
Saving..

Epoch: 108
Loss: 0.147 | Acc: 94.972% (47486/50000)
Loss: 0.316 | Acc: 89.800% (8980/10000)
Saving..
BEST ACCURACY: 89.8 ON EPOCH 108

Epoch: 109
Loss: 0.138 | Acc: 95.258% (47629/50000)
Loss: 0.321 | Acc: 90.150% (9015/10000)
Saving..
BEST ACCURACY: 90.15 ON EPOCH 109

Epoch: 110
Loss: 0.139 | Acc: 95.298% (47649/50000)
Loss: 0.336 | Acc: 89.440% (8944/10000)
Saving..

Epoch: 111
Loss: 0.137 | Acc: 95.244% (47622/50000)
Loss: 0.306 | Acc: 90.520% (9052/10000)
Saving..
BEST ACCURACY: 90.52 ON EPOCH 111

Epoch: 112
Loss: 0.130 | Acc: 95.592% (47796/50000)
Loss: 0.352 | Acc: 89.520% (8952/10000)
Saving..

Epoch: 113
Loss: 0.128 | Acc: 95.584% (47792/50000)
Loss: 0.357 | Acc: 89.580% (8958/10000)
Saving..

Epoch: 114
Loss: 0.123 | Acc: 95.846% (47923/50000)
Loss: 0.353 | Acc: 89.000% (8900/10000)
Saving..

Epoch: 115
Loss: 0.120 | Acc: 95.878% (47939/50000)
Loss: 0.346 | Acc: 89.550% (8955/10000)
Saving..

Epoch: 116
Loss: 0.126 | Acc: 95.746% (47873/50000)
Loss: 0.294 | Acc: 90.530% (9053/10000)
Saving..
BEST ACCURACY: 90.53 ON EPOCH 116

Epoch: 117
Loss: 0.114 | Acc: 96.134% (48067/50000)
Loss: 0.294 | Acc: 90.900% (9090/10000)
Saving..
BEST ACCURACY: 90.9 ON EPOCH 117

Epoch: 118
Loss: 0.105 | Acc: 96.434% (48217/50000)
Loss: 0.360 | Acc: 89.230% (8923/10000)
Saving..

Epoch: 119
Loss: 0.108 | Acc: 96.316% (48158/50000)
Loss: 0.288 | Acc: 91.050% (9105/10000)
Saving..
BEST ACCURACY: 91.05 ON EPOCH 119

Epoch: 120
Loss: 0.114 | Acc: 96.162% (48081/50000)
Loss: 0.290 | Acc: 91.220% (9122/10000)
Saving..
BEST ACCURACY: 91.22 ON EPOCH 120

Epoch: 121
Loss: 0.106 | Acc: 96.422% (48211/50000)
Loss: 0.331 | Acc: 90.570% (9057/10000)
Saving..

Epoch: 122
Loss: 0.111 | Acc: 96.178% (48089/50000)
Loss: 0.363 | Acc: 89.020% (8902/10000)
Saving..

Epoch: 123
Loss: 0.099 | Acc: 96.632% (48316/50000)
Loss: 0.299 | Acc: 90.540% (9054/10000)
Saving..

Epoch: 124
Loss: 0.096 | Acc: 96.812% (48406/50000)
Loss: 0.275 | Acc: 91.320% (9132/10000)
Saving..
BEST ACCURACY: 91.32 ON EPOCH 124

Epoch: 125
Loss: 0.098 | Acc: 96.602% (48301/50000)
Loss: 0.456 | Acc: 87.290% (8729/10000)
Saving..

Epoch: 126
Loss: 0.091 | Acc: 96.964% (48482/50000)
Loss: 0.418 | Acc: 88.310% (8831/10000)
Saving..

Epoch: 127
Loss: 0.092 | Acc: 96.898% (48449/50000)
Loss: 0.317 | Acc: 90.340% (9034/10000)
Saving..

Epoch: 128
Loss: 0.086 | Acc: 97.148% (48574/50000)
Loss: 0.292 | Acc: 91.200% (9120/10000)
Saving..

Epoch: 129
Loss: 0.085 | Acc: 97.150% (48575/50000)
Loss: 0.298 | Acc: 91.260% (9126/10000)
Saving..

Epoch: 130
Loss: 0.078 | Acc: 97.448% (48724/50000)
Loss: 0.264 | Acc: 92.060% (9206/10000)
Saving..
BEST ACCURACY: 92.06 ON EPOCH 130

Epoch: 131
Loss: 0.077 | Acc: 97.426% (48713/50000)
Loss: 0.302 | Acc: 91.280% (9128/10000)
Saving..

Epoch: 132
Loss: 0.078 | Acc: 97.384% (48692/50000)
Loss: 0.289 | Acc: 91.490% (9149/10000)
Saving..

Epoch: 133
Loss: 0.081 | Acc: 97.278% (48639/50000)
Loss: 0.295 | Acc: 91.240% (9124/10000)
Saving..

Epoch: 134
Loss: 0.073 | Acc: 97.556% (48778/50000)
Loss: 0.345 | Acc: 89.640% (8964/10000)
Saving..

Epoch: 135
Loss: 0.064 | Acc: 97.922% (48961/50000)
Loss: 0.313 | Acc: 91.270% (9127/10000)
Saving..

Epoch: 136
Loss: 0.066 | Acc: 97.818% (48909/50000)
Loss: 0.258 | Acc: 92.090% (9209/10000)
Saving..
BEST ACCURACY: 92.09 ON EPOCH 136

Epoch: 137
Loss: 0.061 | Acc: 97.986% (48993/50000)
Loss: 0.276 | Acc: 91.960% (9196/10000)
Saving..

Epoch: 138
Loss: 0.058 | Acc: 98.160% (49080/50000)
Loss: 0.290 | Acc: 92.190% (9219/10000)
Saving..
BEST ACCURACY: 92.19 ON EPOCH 138

Epoch: 139
Loss: 0.057 | Acc: 98.132% (49066/50000)
Loss: 0.370 | Acc: 89.890% (8989/10000)
Saving..

Epoch: 140
Loss: 0.058 | Acc: 98.128% (49064/50000)
Loss: 0.271 | Acc: 92.410% (9241/10000)
Saving..
BEST ACCURACY: 92.41 ON EPOCH 140

Epoch: 141
Loss: 0.051 | Acc: 98.428% (49214/50000)
Loss: 0.270 | Acc: 92.190% (9219/10000)
Saving..

Epoch: 142
Loss: 0.050 | Acc: 98.408% (49204/50000)
Loss: 0.270 | Acc: 92.440% (9244/10000)
Saving..
BEST ACCURACY: 92.44 ON EPOCH 142

Epoch: 143
Loss: 0.049 | Acc: 98.428% (49214/50000)
Loss: 0.358 | Acc: 90.270% (9027/10000)
Saving..

Epoch: 144
Loss: 0.046 | Acc: 98.544% (49272/50000)
Loss: 0.258 | Acc: 92.340% (9234/10000)
Saving..

Epoch: 145
Loss: 0.046 | Acc: 98.512% (49256/50000)
Loss: 0.249 | Acc: 92.970% (9297/10000)
Saving..
BEST ACCURACY: 92.97 ON EPOCH 145

Epoch: 146
Loss: 0.036 | Acc: 98.876% (49438/50000)
Loss: 0.254 | Acc: 92.940% (9294/10000)
Saving..

Epoch: 147
Loss: 0.037 | Acc: 98.900% (49450/50000)
Loss: 0.258 | Acc: 92.750% (9275/10000)
Saving..

Epoch: 148
Loss: 0.032 | Acc: 99.080% (49540/50000)
Loss: 0.252 | Acc: 92.980% (9298/10000)
Saving..
BEST ACCURACY: 92.98 ON EPOCH 148

Epoch: 149
Loss: 0.026 | Acc: 99.280% (49640/50000)
Loss: 0.261 | Acc: 92.850% (9285/10000)
Saving..

Epoch: 150
Loss: 0.029 | Acc: 99.144% (49572/50000)
Loss: 0.233 | Acc: 93.580% (9358/10000)
Saving..
BEST ACCURACY: 93.58 ON EPOCH 150

Epoch: 151
Loss: 0.032 | Acc: 99.036% (49518/50000)
Loss: 0.291 | Acc: 92.160% (9216/10000)
Saving..

Epoch: 152
Loss: 0.024 | Acc: 99.336% (49668/50000)
Loss: 0.240 | Acc: 93.410% (9341/10000)
Saving..

Epoch: 153
Loss: 0.020 | Acc: 99.458% (49729/50000)
Loss: 0.234 | Acc: 93.590% (9359/10000)
Saving..
BEST ACCURACY: 93.59 ON EPOCH 153

Epoch: 154
Loss: 0.016 | Acc: 99.572% (49786/50000)
Loss: 0.210 | Acc: 94.260% (9426/10000)
Saving..
BEST ACCURACY: 94.26 ON EPOCH 154

Epoch: 155
Loss: 0.017 | Acc: 99.558% (49779/50000)
Loss: 0.235 | Acc: 93.500% (9350/10000)
Saving..

Epoch: 156
Loss: 0.013 | Acc: 99.716% (49858/50000)
Loss: 0.206 | Acc: 94.470% (9447/10000)
Saving..
BEST ACCURACY: 94.47 ON EPOCH 156

Epoch: 157
Loss: 0.012 | Acc: 99.756% (49878/50000)
Loss: 0.213 | Acc: 94.240% (9424/10000)
Saving..

Epoch: 158
Loss: 0.011 | Acc: 99.758% (49879/50000)
Loss: 0.207 | Acc: 94.240% (9424/10000)
Saving..

Epoch: 159
Loss: 0.009 | Acc: 99.812% (49906/50000)
Loss: 0.208 | Acc: 94.610% (9461/10000)
Saving..
BEST ACCURACY: 94.61 ON EPOCH 159

Epoch: 160
Loss: 0.007 | Acc: 99.888% (49944/50000)
Loss: 0.192 | Acc: 94.810% (9481/10000)
Saving..
BEST ACCURACY: 94.81 ON EPOCH 160

Epoch: 161
Loss: 0.006 | Acc: 99.900% (49950/50000)
Loss: 0.197 | Acc: 94.710% (9471/10000)
Saving..

Epoch: 162
Loss: 0.007 | Acc: 99.894% (49947/50000)
Loss: 0.191 | Acc: 94.930% (9493/10000)
Saving..
BEST ACCURACY: 94.93 ON EPOCH 162

Epoch: 163
Loss: 0.005 | Acc: 99.940% (49970/50000)
Loss: 0.182 | Acc: 95.100% (9510/10000)
Saving..
BEST ACCURACY: 95.1 ON EPOCH 163

Epoch: 164
Loss: 0.004 | Acc: 99.948% (49974/50000)
Loss: 0.183 | Acc: 95.040% (9504/10000)
Saving..

Epoch: 165
Loss: 0.004 | Acc: 99.948% (49974/50000)
Loss: 0.178 | Acc: 95.070% (9507/10000)
Saving..

Epoch: 166
Loss: 0.003 | Acc: 99.980% (49990/50000)
Loss: 0.169 | Acc: 95.330% (9533/10000)
Saving..
BEST ACCURACY: 95.33 ON EPOCH 166

Epoch: 167
Loss: 0.003 | Acc: 99.988% (49994/50000)
Loss: 0.167 | Acc: 95.430% (9543/10000)
Saving..
BEST ACCURACY: 95.43 ON EPOCH 167

Epoch: 168
Loss: 0.003 | Acc: 99.990% (49995/50000)
Loss: 0.167 | Acc: 95.510% (9551/10000)
Saving..
BEST ACCURACY: 95.51 ON EPOCH 168

Epoch: 169
Loss: 0.002 | Acc: 99.998% (49999/50000)
Loss: 0.161 | Acc: 95.500% (9550/10000)
Saving..

Epoch: 170
Loss: 0.003 | Acc: 99.988% (49994/50000)
Loss: 0.162 | Acc: 95.460% (9546/10000)
Saving..

Epoch: 171
Loss: 0.002 | Acc: 99.992% (49996/50000)
Loss: 0.163 | Acc: 95.520% (9552/10000)
Saving..
BEST ACCURACY: 95.52 ON EPOCH 171

Epoch: 172
Loss: 0.002 | Acc: 99.994% (49997/50000)
Loss: 0.167 | Acc: 95.320% (9532/10000)
Saving..

Epoch: 173
Loss: 0.002 | Acc: 100.000% (50000/50000)
Loss: 0.159 | Acc: 95.560% (9556/10000)
Saving..
BEST ACCURACY: 95.56 ON EPOCH 173

Epoch: 174
Loss: 0.002 | Acc: 99.994% (49997/50000)
Loss: 0.160 | Acc: 95.550% (9555/10000)
Saving..

Epoch: 175
Loss: 0.002 | Acc: 99.996% (49998/50000)
Loss: 0.159 | Acc: 95.460% (9546/10000)
Saving..

Epoch: 176
Loss: 0.002 | Acc: 100.000% (50000/50000)
Loss: 0.163 | Acc: 95.510% (9551/10000)
Saving..

Epoch: 177
Loss: 0.002 | Acc: 99.994% (49997/50000)
Loss: 0.162 | Acc: 95.650% (9565/10000)
Saving..
BEST ACCURACY: 95.65 ON EPOCH 177

Epoch: 178
Loss: 0.002 | Acc: 99.998% (49999/50000)
Loss: 0.159 | Acc: 95.590% (9559/10000)
Saving..

Epoch: 179
Loss: 0.002 | Acc: 100.000% (50000/50000)
Loss: 0.157 | Acc: 95.640% (9564/10000)
Saving..

Epoch: 180
Loss: 0.002 | Acc: 100.000% (50000/50000)
Loss: 0.158 | Acc: 95.480% (9548/10000)
Saving..

Epoch: 181
Loss: 0.002 | Acc: 99.998% (49999/50000)
Loss: 0.159 | Acc: 95.580% (9558/10000)
Saving..

Epoch: 182
Loss: 0.002 | Acc: 100.000% (50000/50000)
Loss: 0.157 | Acc: 95.630% (9563/10000)
Saving..

Epoch: 183
Loss: 0.002 | Acc: 99.994% (49997/50000)
Loss: 0.155 | Acc: 95.510% (9551/10000)
Saving..

Epoch: 184
Loss: 0.002 | Acc: 100.000% (50000/50000)
Loss: 0.157 | Acc: 95.560% (9556/10000)
Saving..

Epoch: 185
Loss: 0.002 | Acc: 100.000% (50000/50000)
Loss: 0.157 | Acc: 95.590% (9559/10000)
Saving..

Epoch: 186
Loss: 0.002 | Acc: 99.998% (49999/50000)
Loss: 0.156 | Acc: 95.650% (9565/10000)
Saving..

Epoch: 187
Loss: 0.002 | Acc: 100.000% (50000/50000)
Loss: 0.156 | Acc: 95.530% (9553/10000)
Saving..

Epoch: 188
Loss: 0.002 | Acc: 99.996% (49998/50000)
Loss: 0.157 | Acc: 95.550% (9555/10000)
Saving..

Epoch: 189
Loss: 0.002 | Acc: 99.996% (49998/50000)
Loss: 0.156 | Acc: 95.680% (9568/10000)
Saving..
BEST ACCURACY: 95.68 ON EPOCH 189

Epoch: 190
Loss: 0.002 | Acc: 99.998% (49999/50000)
Loss: 0.155 | Acc: 95.610% (9561/10000)
Saving..

Epoch: 191
Loss: 0.002 | Acc: 100.000% (50000/50000)
Loss: 0.156 | Acc: 95.590% (9559/10000)
Saving..

Epoch: 192
Loss: 0.002 | Acc: 99.998% (49999/50000)
Loss: 0.156 | Acc: 95.580% (9558/10000)
Saving..

Epoch: 193
Loss: 0.002 | Acc: 99.998% (49999/50000)
Loss: 0.154 | Acc: 95.660% (9566/10000)
Saving..

Epoch: 194
Loss: 0.002 | Acc: 99.998% (49999/50000)
Loss: 0.156 | Acc: 95.590% (9559/10000)
Saving..

Epoch: 195
Loss: 0.002 | Acc: 99.998% (49999/50000)
Loss: 0.156 | Acc: 95.550% (9555/10000)
Saving..

Epoch: 196
Loss: 0.002 | Acc: 99.998% (49999/50000)
Loss: 0.157 | Acc: 95.630% (9563/10000)
Saving..

Epoch: 197
Loss: 0.002 | Acc: 100.000% (50000/50000)
Loss: 0.157 | Acc: 95.590% (9559/10000)
Saving..

Epoch: 198
Loss: 0.002 | Acc: 100.000% (50000/50000)
Loss: 0.154 | Acc: 95.460% (9546/10000)
Saving..

Epoch: 199
Loss: 0.002 | Acc: 100.000% (50000/50000)
Loss: 0.156 | Acc: 95.570% (9557/10000)
Saving..
